"../../../Engine/Content/EditorBlueprintResources/StandardMacros.uasset" 0
"../../../Engine/Content/Functions/Engine_MaterialFunctions02/Utility/BlendAngleCorrectedNormals.uasset" 1
"../../../Engine/Content/Functions/MaterialLayerFunctions/MatLayerBlend_AO.uasset" 2
"../../../Engine/Content/Functions/MaterialLayerFunctions/MatLayerBlend_NormalBlend.uasset" 3
"../../../Engine/Content/Functions/MaterialLayerFunctions/MatLayerBlend_Simple.uasset" 4
"../../../Desiccated/Content/AnimStarterPack/UE4_Mannequin/Materials/MaterialLayers/T_ML_Rubber_Blue_01_D.uasset" 5
"../../../Desiccated/Content/AnimStarterPack/UE4_Mannequin/Materials/MaterialLayers/T_ML_Rubber_Blue_01_N.uasset" 6
"../../../Desiccated/Content/AnimStarterPack/UE4_Mannequin/Materials/MaterialLayers/ML_GlossyBlack_Latex_UE4.uasset" 7
"../../../Desiccated/Content/AnimStarterPack/UE4_Mannequin/Materials/MaterialLayers/ML_Plastic_Shiny_Beige.uasset" 8
"../../../Desiccated/Content/AnimStarterPack/UE4_Mannequin/Textures/UE4_LOGO_CARD.uasset" 9
"../../../Desiccated/Content/AnimStarterPack/UE4_Mannequin/Materials/MaterialLayers/ML_Plastic_Shiny_Beige_LOGO.uasset" 10
"../../../Desiccated/Content/AnimStarterPack/UE4_Mannequin/Materials/MaterialLayers/T_ML_Aluminum01.uasset" 11
"../../../Desiccated/Content/AnimStarterPack/UE4_Mannequin/Materials/MaterialLayers/T_ML_Aluminum01_N.uasset" 12
"../../../Desiccated/Content/AnimStarterPack/UE4_Mannequin/Materials/MaterialLayers/ML_SoftMetal_UE4.uasset" 13
"../../../Desiccated/Content/AnimStarterPack/UE4_Mannequin/Textures/UE4_Mannequin__normals.uasset" 14
"../../../Desiccated/Content/AnimStarterPack/UE4_Mannequin/Textures/UE4_Mannequin_MAT_MASKA.uasset" 15
"../../../Desiccated/Content/AnimStarterPack/UE4_Mannequin/Textures/UE4_Mannequin_occlusion_Mobile.uasset" 16
"../../../Desiccated/Content/AnimStarterPack/UE4_Mannequin/Materials/M_UE4Man_Body.uasset" 17
"../../../Desiccated/Content/AnimStarterPack/UE4_Mannequin/Textures/UE4Man_Logo_N.uasset" 18
"../../../Desiccated/Content/AnimStarterPack/UE4_Mannequin/Materials/M_UE4Man_ChestLogo.uasset" 19
"../../../Desiccated/Content/AnimStarterPack/UE4_Mannequin/Mesh/SK_Mannequin_PhysicsAsset.uasset" 20
"../../../Desiccated/Content/AnimStarterPack/UE4_Mannequin/Mesh/SK_Mannequin.uasset" 21
"../../../Desiccated/Content/AnimStarterPack/UE4_Mannequin/Mesh/UE4_Mannequin_Skeleton.uasset" 22
"../../../Desiccated/Content/AnimStarterPack/Crouch_Idle_Rifle_Hip.uasset" 23
"../../../Desiccated/Content/AnimStarterPack/Idle_Rifle_Hip.uasset" 24
"../../../Desiccated/Content/AnimStarterPack/Jump_From_Jog.uasset" 25
"../../../Desiccated/Content/AnimStarterPack/Jump_From_Stand.uasset" 26
"../../../Desiccated/Content/AnimStarterPack/Crouch_Walk_Bwd_Rifle_Hip.uasset" 27
"../../../Desiccated/Content/AnimStarterPack/Crouch_Walk_Fwd_Rifle_Hip.uasset" 28
"../../../Desiccated/Content/AnimStarterPack/Crouch_Walk_Lt_Rifle_Hip.uasset" 29
"../../../Desiccated/Content/AnimStarterPack/Crouch_Walk_Rt_Rifle_Hip.uasset" 30
"../../../Desiccated/Content/AnimStarterPack/BS_CrouchWalk.uasset" 31
"../../../Desiccated/Content/AnimStarterPack/Jog_Bwd_Rifle.uasset" 32
"../../../Desiccated/Content/AnimStarterPack/Jog_Fwd_Rifle.uasset" 33
"../../../Desiccated/Content/AnimStarterPack/Jog_Lt_Rifle.uasset" 34
"../../../Desiccated/Content/AnimStarterPack/Jog_Rt_Rifle.uasset" 35
"../../../Desiccated/Content/AnimStarterPack/BS_Jog.uasset" 36
"../../../Desiccated/Content/Blueprints/Character/AI/Bear/AIState.uasset" 37
"../../../Desiccated/Content/Blueprints/Character/AI/Bear/HostelAiBB.uasset" 38
"../../../Desiccated/Content/Blueprints/Character/AI/Bear/Healthi.uasset" 39
"../../../Desiccated/Content/Blueprints/Character/Damage_type.uasset" 40
"../../../Desiccated/Content/Blueprints/Character/AI/AdvancedAi/attack.uasset" 41
"../../../Desiccated/Content/Blueprints/Character/AI/Bear/MemmoryD.uasset" 42
"../../../Desiccated/Content/Blueprints/Character/AI/Bear/Roam.uasset" 43
"../../../Desiccated/Content/Blueprints/Character/AI/Bear/Speed.uasset" 44
"../../../Desiccated/Content/Blueprints/Character/AI/Bear/Vision.uasset" 45
"../../../Desiccated/Content/Blueprints/Character/AI/AdvancedAi/ABT.uasset" 46
"../../../Desiccated/Content/Blueprints/Character/AI/Bear/HostelAIBT.uasset" 47
"../../../Desiccated/Content/Blueprints/Character/AI/Bear/AIcon.uasset" 48
"../../../Desiccated/Content/Blueprints/Character/AI/AdvancedAi/AAICON.uasset" 49
"../../../Desiccated/Content/Blueprints/Character/AI/Ue4ASP_Character.uasset" 50
"../../../Desiccated/Content/AnimStarterPack/UE4ASP_HeroTPP_AnimBlueprint.uasset" 51
"../../../Desiccated/Content/FirstPersonBPIronbelly/Arms/Textures/FPArms_Male1_AO.uasset" 52
"../../../Desiccated/Content/FirstPersonBPIronbelly/Arms/Textures/FPArms_Male1_DIF.uasset" 53
"../../../Desiccated/Content/FirstPersonBPIronbelly/Arms/Textures/FPArms_Male1_MET.uasset" 54
"../../../Desiccated/Content/FirstPersonBPIronbelly/Arms/Textures/FPArms_Male1_NRM.uasset" 55
"../../../Desiccated/Content/FirstPersonBPIronbelly/Arms/Textures/FPArms_Male1_RGS.uasset" 56
"../../../Desiccated/Content/FirstPersonBPIronbelly/Arms/Textures/FPArms_Male1_SPC.uasset" 57
"../../../Desiccated/Content/FirstPersonBPIronbelly/MasterMaterial/Mat_Arm.uasset" 58
"../../../Desiccated/Content/FirstPersonBPIronbelly/Arms/FPSArms_PhysicsAsset.uasset" 59
"../../../Desiccated/Content/FirstPersonBPIronbelly/Arms/SK_FPSArms.uasset" 60
"../../../Desiccated/Content/FirstPersonBPIronbelly/Arms/FPSArms_Skeleton.uasset" 61
"../../../Desiccated/Content/FirstPersonBPIronbelly/Arms/Animations/ANIM_44_Magnum-ADS_Idle.uasset" 62
"../../../Desiccated/Content/FirstPersonBPIronbelly/Arms/Animations/ANIM_44_Magnum_Idle.uasset" 63
"../../../Desiccated/Content/FirstPersonBPIronbelly/Arms/Animations/ANIM_44_Magnum_Sprint.uasset" 64
"../../../Desiccated/Content/FirstPersonBPIronbelly/Arms/Animations/ANIM_Berretta_m9_ADSIdle.uasset" 65
"../../../Desiccated/Content/FirstPersonBPIronbelly/Arms/Animations/ANIM_Berretta_m9_Idle.uasset" 66
"../../../Desiccated/Content/FirstPersonBPIronbelly/Arms/Animations/ANIM_Berretta_m9_Sprint.uasset" 67
"../../../Desiccated/Content/FirstPersonBPIronbelly/Arms/Animations/ANIM_TT_ADS_Idle.uasset" 68
"../../../Desiccated/Content/FirstPersonBPIronbelly/Arms/Animations/ANIM_TT_Idle.uasset" 69
"../../../Desiccated/Content/FirstPersonBPIronbelly/Arms/Animations/ANIM_TT_Sprint.uasset" 70
"../../../Desiccated/Content/FirstPersonBPIronbelly/Arms/FPSArms_Skeleton_AnimBlueprint.uasset" 71
"../../../Engine/Content/EditorBlueprintResources/ActorMacros.uasset" 72
"../../../Desiccated/Content/Blueprints/Components/LivingActors.uasset" 73
"../../../Desiccated/Content/Blueprints/Items/ItemType.uasset" 74
"../../../Desiccated/Content/Blueprints/Items/ItemStruct.uasset" 75
"../../../Desiccated/Content/Blueprints/Items/Item.uasset" 76
"../../../Desiccated/Content/Blueprints/Items/Pickup_Item.uasset" 77
"../../../Desiccated/Content/Blueprints/Chat/GroupEnum.uasset" 78
"../../../Desiccated/Content/Blueprints/Chat/ChatStruct.uasset" 79
"../../../Desiccated/Content/Blueprints/UI/Fonts/weblysleekuisb.uasset" 80
"../../../Desiccated/Content/Blueprints/UI/ChatSystem/ChatBox.uasset" 81
"../../../Desiccated/Content/Blueprints/UI/ChatSystem/Textures/backgroundwhite.uasset" 82
"../../../Desiccated/Content/Blueprints/UI/ChatSystem/ChatSystem.uasset" 83
"../../../Desiccated/Content/Blueprints/Chat/Chat.uasset" 84
"../../../Desiccated/Content/Blueprints/PlayerController/DesiccatedPlayerController.uasset" 85
"../../../Desiccated/Content/IBWP3DPistol3Pack/Weapons/Magnum/Textures/44_Magnum_AO.uasset" 86
"../../../Desiccated/Content/IBWP3DPistol3Pack/Weapons/Magnum/Textures/44_Magnum_COL.uasset" 87
"../../../Desiccated/Content/IBWP3DPistol3Pack/Weapons/Magnum/Textures/44_Magnum_MET.uasset" 88
"../../../Desiccated/Content/IBWP3DPistol3Pack/Weapons/Magnum/Textures/44_Magnum_NRM.uasset" 89
"../../../Desiccated/Content/IBWP3DPistol3Pack/Weapons/Magnum/Textures/44_Magnum_RGS.uasset" 90
"../../../Desiccated/Content/FirstPersonBPIronbelly/MasterMaterial/WeaponMaster.uasset" 91
"../../../Desiccated/Content/IBWP3DPistol3Pack/Weapons/Magnum/Materials/MAT_Magnum.uasset" 92
"../../../Desiccated/Content/IBWP3DPistol3Pack/Weapons/Magnum/SK_Magnum.uasset" 93
"../../../Desiccated/Content/IBWP3DPistol3Pack/Weapons/Magnum/Magnum_Skeleton.uasset" 94
"../../../Desiccated/Content/IBWP3DPistol3Pack/Weapons/Magnum/Animations/ANIM_44_Magnum_Reload.uasset" 95
"../../../Desiccated/Content/IBWP3DPistol3Pack/Weapons/Magnum/Animations/ANIM_44_Magnum_Reload_Montage.uasset" 96
"../../../Desiccated/Content/Realistic_Grass_2/Character/Mesh/UE4_Mannequin_Skeleton.uasset" 97
"../../../Desiccated/Content/Realistic_Grass_2/Animations/ThirdPersonJump_End.uasset" 98
"../../../Desiccated/Content/Realistic_Grass_2/Animations/ThirdPersonJump_Loop.uasset" 99
"../../../Desiccated/Content/Realistic_Grass_2/Animations/ThirdPersonJump_Start.uasset" 100
"../../../Desiccated/Content/Realistic_Grass_2/Animations/ThirdPersonIdle.uasset" 101
"../../../Desiccated/Content/Realistic_Grass_2/Animations/ThirdPersonRun.uasset" 102
"../../../Desiccated/Content/Realistic_Grass_2/Animations/ThirdPersonWalk.uasset" 103
"../../../Desiccated/Content/Realistic_Grass_2/Animations/ThirdPersonIdleRun.uasset" 104
"../../../Desiccated/Content/Realistic_Grass_2/Animations/ThirdPersonAnimBlueprint.uasset" 105
"../../../Desiccated/Content/Realistic_Grass_2/Character/Materials/MaterialLayers/T_ML_Rubber_Blue_01_D.uasset" 106
"../../../Desiccated/Content/Realistic_Grass_2/Character/Materials/MaterialLayers/T_ML_Rubber_Blue_01_N.uasset" 107
"../../../Desiccated/Content/Realistic_Grass_2/Character/Materials/MaterialLayers/ML_GlossyBlack_Latex_UE4.uasset" 108
"../../../Desiccated/Content/Realistic_Grass_2/Character/Materials/MaterialLayers/ML_Plastic_Shiny_Beige.uasset" 109
"../../../Desiccated/Content/Realistic_Grass_2/Character/Textures/UE4_LOGO_CARD.uasset" 110
"../../../Desiccated/Content/Realistic_Grass_2/Character/Materials/MaterialLayers/ML_Plastic_Shiny_Beige_LOGO.uasset" 111
"../../../Desiccated/Content/Realistic_Grass_2/Character/Materials/MaterialLayers/T_ML_Aluminum01.uasset" 112
"../../../Desiccated/Content/Realistic_Grass_2/Character/Materials/MaterialLayers/T_ML_Aluminum01_N.uasset" 113
"../../../Desiccated/Content/Realistic_Grass_2/Character/Materials/MaterialLayers/ML_SoftMetal_UE4.uasset" 114
"../../../Desiccated/Content/Realistic_Grass_2/Character/Textures/UE4_Mannequin__normals.uasset" 115
"../../../Desiccated/Content/Realistic_Grass_2/Character/Textures/UE4_Mannequin_MAT_MASKA.uasset" 116
"../../../Desiccated/Content/Realistic_Grass_2/Character/Textures/UE4_Mannequin_occlusion.uasset" 117
"../../../Desiccated/Content/Realistic_Grass_2/Character/Materials/M_UE4Man_Body.uasset" 118
"../../../Desiccated/Content/Realistic_Grass_2/Character/Textures/UE4Man_Logo_N.uasset" 119
"../../../Desiccated/Content/Realistic_Grass_2/Character/Materials/M_UE4Man_ChestLogo.uasset" 120
"../../../Desiccated/Content/Realistic_Grass_2/Character/Mesh/SK_Mannequin_PhysicsAsset.uasset" 121
"../../../Desiccated/Content/Realistic_Grass_2/Character/Mesh/SK_Mannequin.uasset" 122
"../../../Desiccated/Content/Blueprints/Character/BaseCharecter.uasset" 123
"../../../Desiccated/Content/Blueprints/Projectiles/Materials/DefaultProjectile.uasset" 124
"../../../Engine/Content/Functions/Engine_MaterialFunctions01/Opacity/CameraDepthFade.uasset" 125
"../../../Engine/Content/EngineMaterials/T_Default_Material_Grid_M.uasset" 126
"../../../Engine/Content/EngineMaterials/T_Default_Material_Grid_N.uasset" 127
"../../../Engine/Content/EngineMaterials/DefaultMaterial.uasset" 128
"../../../Engine/Content/BasicShapes/Cylinder.uasset" 129
"../../../Desiccated/Content/Blueprints/Projectiles/Projectile.uasset" 130
"../../../Desiccated/Content/Blueprints/Weapons/ShotType.uasset" 131
"../../../Desiccated/Content/Blueprints/Weapons/WeaponType.uasset" 132
"../../../Desiccated/Content/Blueprints/Weapons/WeaponStruct.uasset" 133
"../../../Desiccated/Content/Effects/Textures/LensFlare/T_Lensflare_01.uasset" 134
"../../../Desiccated/Content/Effects/Materials/LensFlare/M_Lensflare_01.uasset" 135
"../../../Engine/Content/Functions/Engine_MaterialFunctions01/Gradient/RadialGradient.uasset" 136
"../../../Desiccated/Content/Effects/Materials/Ramp/M_SoftGradient_Muzzle.uasset" 137
"../../../Desiccated/Content/Effects/Textures/Smoke/T_Clouds_01.uasset" 138
"../../../Desiccated/Content/Effects/Textures/Smoke/T_SmokeBall_01_8_8.uasset" 139
"../../../Desiccated/Content/Effects/Materials/Smoke/M_ImpactSmoke.uasset" 140
"../../../Desiccated/Content/Effects/Materials/Smoke/M_SmokeBall.uasset" 141
"../../../Desiccated/Content/Effects/Textures/Weapon/T_muzzle_flashes.uasset" 142
"../../../Desiccated/Content/Effects/Materials/Weapon/M_muzzle_flash_subUV.uasset" 143
"../../../Engine/Content/Functions/Engine_MaterialFunctions01/Gradient/LinearGradient.uasset" 144
"../../../Desiccated/Content/Effects/Textures/Mask/T_SquareMaskTightEdge.uasset" 145
"../../../Desiccated/Content/Effects/Textures/Noise/T_TileNoise.uasset" 146
"../../../Desiccated/Content/Effects/Materials/Weapon/M_MuzzleGlow.uasset" 147
"../../../Desiccated/Content/Effects/Meshes/Weapon/SM_MuzzleCone.uasset" 148
"../../../Desiccated/Content/Effects/ParticleSystems/Weapons/AssaultRifle/Muzzle/P_AssaultRifle_MF.uasset" 149
"../../../Desiccated/Content/Blueprints/Weapons/Muzzle/Muzzle.uasset" 150
"../../../Desiccated/Content/Blueprints/Weapons/Weapon.uasset" 151
"../../../Desiccated/Content/Blueprints/UI/Fonts/weblysleekuil.uasset" 152
"../../../Engine/Content/Functions/Engine_MaterialFunctions01/Gradient/SphereGradient-2D.uasset" 153
"../../../Desiccated/Content/Blueprints/UI/T_CircularMask.uasset" 154
"../../../Desiccated/Content/Blueprints/UI/M_ProgressCircle.uasset" 155
"../../../Desiccated/Content/Blueprints/UI/Character_Info/HandUI_Handler.uasset" 156
"../../../Desiccated/Content/Blueprints/UI/circle.uasset" 157
"../../../Desiccated/Content/Blueprints/UI/Crosshair/Crosshair.uasset" 158
"../../../Desiccated/Content/Blueprints/UI/Inventory/DragDropItem.uasset" 159
"../../../Desiccated/Content/Blueprints/UI/Inventory/BackDrop.uasset" 160
"../../../Desiccated/Content/Blueprints/UI/Inventory/Items/ItemSlot.uasset" 161
"../../../Desiccated/Content/Blueprints/UI/Inventory/Inventory.uasset" 162
"../../../Desiccated/Content/Blueprints/UI/Character_Info/Character_Info.uasset" 163
"../../../Desiccated/Content/Blueprints/Character/DesiccatedCharacter.uasset" 164
"../../../Desiccated/Content/DriveablePack/Patria/Materials/Material_Complex/Main_gun_projectile.uasset" 165
"../../../Desiccated/Content/DriveablePack/Audio/Explosion02.uasset" 166
"../../../Desiccated/Content/DriveablePack/Particles/Materials/m_flare_01.uasset" 167
"../../../Desiccated/Content/DriveablePack/Particles/Texture/T_Smoke_SubUV.uasset" 168
"../../../Desiccated/Content/DriveablePack/Particles/Texture/T_Smoke_Tiled_D.uasset" 169
"../../../Desiccated/Content/DriveablePack/Particles/Materials/M_smoke_subUV.uasset" 170
"../../../Desiccated/Content/DriveablePack/Particles/AH-6j_Rocket_Trail.uasset" 171
"../../../Engine/Content/EngineVolumetrics/Fogsheet/T_EV_Fogsheet_FlareColors_01.uasset" 172
"../../../Desiccated/Content/DriveablePack/Particles/Materials/M_Burst.uasset" 173
"../../../Desiccated/Content/DriveablePack/Particles/Texture/T_Explosion_SubUV.uasset" 174
"../../../Desiccated/Content/DriveablePack/Particles/Materials/M_explosion_subUV.uasset" 175
"../../../Desiccated/Content/DriveablePack/Particles/Materials/M_radial_ramp.uasset" 176
"../../../Desiccated/Content/DriveablePack/Particles/Impact.uasset" 177
"../../../Desiccated/Content/DriveablePack/AH-6j/Blueprints/AH6-J_Rocket_projectile.uasset" 178
"../../../Desiccated/Content/DriveablePack/Patria/Materials/M_Glass.uasset" 179
"../../../Engine/Content/Functions/Engine_MaterialFunctions01/ImageAdjustment/CheapContrast.uasset" 180
"../../../Engine/Content/Functions/Engine_MaterialFunctions01/Texturing/FlattenNormal.uasset" 181
"../../../Engine/Content/Functions/MaterialLayerFunctions/MatLayerBlend_BakedNormal.uasset" 182
"../../../Engine/Content/Functions/MaterialLayerFunctions/MatLayerBlend_Emissive.uasset" 183
"../../../Engine/Content/Functions/MaterialLayerFunctions/MatLayerBlend_Standard.uasset" 184
"../../../Engine/Content/Functions/MaterialLayerFunctions/MatLayerBlend_TintAllChannels.uasset" 185
"../../../Desiccated/Content/DriveablePack/AH-6j/Texture/T_Metal_Steel_N.uasset" 186
"../../../Desiccated/Content/DriveablePack/Patria/Texture/Patria_DIF_2.uasset" 187
"../../../Desiccated/Content/DriveablePack/Patria/Materials/Material_Complex/Patria_base.uasset" 188
"../../../Desiccated/Content/DriveablePack/Patria/Materials/Material_Complex/Patria_glass.uasset" 189
"../../../Desiccated/Content/DriveablePack/Patria/Texture/Metal_01.uasset" 190
"../../../Desiccated/Content/DriveablePack/Patria/Texture/Metal_02.uasset" 191
"../../../Desiccated/Content/DriveablePack/Patria/Materials/Material_Complex/Patria_metal.uasset" 192
"../../../Desiccated/Content/DriveablePack/Patria/Materials/Material_Complex/Patria_ruber.uasset" 193
"../../../Desiccated/Content/DriveablePack/Patria/Texture/Patria_AO.uasset" 194
"../../../Desiccated/Content/DriveablePack/Patria/Materials/Material_Complex/Patria_Mat.uasset" 195
"../../../Desiccated/Content/DriveablePack/Patria/Materials/Material_Complex/Patria_Mat_Inst.uasset" 196
"../../../Desiccated/Content/DriveablePack/Patria/Meshes/RaP_Patria_Hull_8_W_PhysicsAsset.uasset" 197
"../../../Desiccated/Content/DriveablePack/Patria/Meshes/RaP_Patria_Hull_8_W.uasset" 198
"../../../Desiccated/Content/DriveablePack/Patria/Meshes/RaP_Patria_Hull_8_W_Skeleton.uasset" 199
"../../../Desiccated/Content/DriveablePack/Patria/Blueprints/RaP_Patria_8_W_Animation.uasset" 200
"../../../Desiccated/Content/DriveablePack/Patria/Blueprints/Patria_Main_gun_projectile.uasset" 201
"../../../Desiccated/Content/DriveablePack/Patria/Blueprints/Patria_tire.uasset" 202
"../../../Desiccated/Content/DriveablePack/Patria/Blueprints/PatriaBackwheel.uasset" 203
"../../../Desiccated/Content/DriveablePack/Patria/Blueprints/PatriaFrontwheel.uasset" 204
"../../../Desiccated/Content/DriveablePack/Patria/Blueprints/Vehicle_Functions.uasset" 205
"../../../Engine/Content/EngineLightProfiles/Complex_IES.uasset" 206
"../../../Desiccated/Content/DriveablePack/Audio/Engine/Engine_att.uasset" 207
"../../../Desiccated/Content/DriveablePack/Audio/Explosion01.uasset" 208
"../../../Desiccated/Content/DriveablePack/Audio/Engine_Model_01_Loop.uasset" 209
"../../../Desiccated/Content/DriveablePack/Audio/Engine_Model_05_Loop.uasset" 210
"../../../Desiccated/Content/DriveablePack/Audio/Patria_Engine_Loop.uasset" 211
"../../../Desiccated/Content/DriveablePack/Audio/Patria_Main_Gun.uasset" 212
"../../../Desiccated/Content/DriveablePack/Audio/Patria_Main_Gun_Cue.uasset" 213
"../../../Desiccated/Content/DriveablePack/Audio/Weapon_jam.uasset" 214
"../../../Desiccated/Content/DriveablePack/Particles/Texture/T_Fire_SubUV.uasset" 215
"../../../Desiccated/Content/DriveablePack/Particles/Texture/T_Fire_subUV_01.uasset" 216
"../../../Desiccated/Content/DriveablePack/Particles/Materials/M_Fire_SubUV.uasset" 217
"../../../Desiccated/Content/DriveablePack/Particles/Materials/M_Radial_Gradient.uasset" 218
"../../../Desiccated/Content/DriveablePack/Particles/P_Fire.uasset" 219
"../../../Desiccated/Content/DriveablePack/AH-6j/Texture/Metall_destroyed.uasset" 220
"../../../Desiccated/Content/DriveablePack/Humvee/Textures/4_Channel_Grunge.uasset" 221
"../../../Desiccated/Content/DriveablePack/Humvee/Textures/RaP_Humvee_AO.uasset" 222
"../../../Desiccated/Content/DriveablePack/Humvee/Textures/RaP_Humvee_Camo_Masks.uasset" 223
"../../../Desiccated/Content/DriveablePack/Humvee/Textures/RaP_Humvee_Diff.uasset" 224
"../../../Desiccated/Content/DriveablePack/Humvee/Textures/RaP_Humvee_Emissive.uasset" 225
"../../../Desiccated/Content/DriveablePack/Humvee/Textures/RaP_Humvee_Mask.uasset" 226
"../../../Desiccated/Content/DriveablePack/Humvee/Textures/RaP_Humvee_NRM.uasset" 227
"../../../Desiccated/Content/DriveablePack/Humvee/Textures/RaP_Humvee_Roughnes.uasset" 228
"../../../Desiccated/Content/DriveablePack/Humvee/Materials/RaP_Humvee_Mat.uasset" 229
"../../../Desiccated/Content/DriveablePack/Humvee/Meshes/RaP_Humvee_Stearing_C.uasset" 230
"../../../Desiccated/Content/DriveablePack/Particles/Patria_explosion.uasset" 231
"../../../Desiccated/Content/DriveablePack/Particles/Texture/T_muzzle_flashes.uasset" 232
"../../../Desiccated/Content/DriveablePack/Particles/Materials/T_muzzle_flashes_Mat.uasset" 233
"../../../Desiccated/Content/DriveablePack/Particles/Patria_muzzle_flash.uasset" 234
"../../../Desiccated/Content/DriveablePack/Particles/Patria_muzzle_flash_secondary.uasset" 235
"../../../Desiccated/Content/DriveablePack/Particles/Patria_smoke_screen.uasset" 236
"../../../Desiccated/Content/DriveablePack/Patria/Meshes/RaP_Patria_Cannon.uasset" 237
"../../../Desiccated/Content/DriveablePack/Patria/Materials/Material_Complex/Patria_Mat_Inst_damage.uasset" 238
"../../../Desiccated/Content/DriveablePack/Patria/Meshes/RaP_Patria_damage_PhysicsAsset.uasset" 239
"../../../Desiccated/Content/DriveablePack/Patria/Meshes/RaP_Patria_damage_Skeleton.uasset" 240
"../../../Desiccated/Content/DriveablePack/Patria/Meshes/RaP_Patria_Destroyed.uasset" 241
"../../../Desiccated/Content/DriveablePack/Patria/Meshes/RaP_Patria_turret.uasset" 242
"../../../Desiccated/Content/DriveablePack/Patria/Sounds/Patria_destroyerd_sound.uasset" 243
"../../../Desiccated/Content/DriveablePack/Patria/Sounds/Patria_destroyerd_sound_2.uasset" 244
"../../../Desiccated/Content/DriveablePack/Patria/Sounds/Patria_destroyerd_sound_Cue.uasset" 245
"../../../Desiccated/Content/DriveablePack/Patria/Sounds/PAtria_reload.uasset" 246
"../../../Desiccated/Content/DriveablePack/Patria/Sounds/Patria_reload_Cue.uasset" 247
"../../../Desiccated/Content/DriveablePack/Patria/Sounds/Patria_secondary_1.uasset" 248
"../../../Desiccated/Content/DriveablePack/Patria/Sounds/Patria_secondary_2.uasset" 249
"../../../Desiccated/Content/DriveablePack/Patria/Sounds/Patria_secondary_3.uasset" 250
"../../../Desiccated/Content/DriveablePack/Patria/Sounds/Patria_secondary_weapon.uasset" 251
"../../../Desiccated/Content/DriveablePack/Patria/Sounds/Patria_smoke.uasset" 252
"../../../Desiccated/Content/DriveablePack/Audio/EngineIgnite.uasset" 253
"../../../Desiccated/Content/DriveablePack/Patria/Sounds/Patria_start_Cue.uasset" 254
"../../../Desiccated/Content/DriveablePack/Audio/TireRolling01_Loop.uasset" 255
"../../../Desiccated/Content/DriveablePack/Audio/TireRolling02_Loop.uasset" 256
"../../../Desiccated/Content/DriveablePack/Audio/TireRolling03_Loop.uasset" 257
"../../../Desiccated/Content/DriveablePack/Patria/Sounds/Patria_Tire_Roling.uasset" 258
"../../../Desiccated/Content/DriveablePack/Patria/Sounds/Patria_turret.uasset" 259
"../../../Desiccated/Content/DriveablePack/Patria/Sounds/Patria_turret_Cue.uasset" 260
"../../../Desiccated/Content/DriveablePack/Patria/Blueprints/RaP_Patria_8_W.uasset" 261
"../../../Desiccated/Content/DriveablePack/Particles/Patria_impact_secondary.uasset" 262
"../../../Desiccated/Content/DriveablePack/Patria/Blueprints/Machine_gun_projectile.uasset" 263
"../../../Desiccated/Content/DriveablePack/AH-6j/Blueprints/C_Impact_Shake.uasset" 264
"../../../Desiccated/Content/DriveablePack/AH-6j/Blueprints/C_Pitch_Curve.uasset" 265
"../../../Desiccated/Content/DriveablePack/AH-6j/Texture/RaP_AH-6j_main_rotor.uasset" 266
"../../../Desiccated/Content/DriveablePack/AH-6j/Texture/RaP_AH-6j_main_rotor_masks.uasset" 267
"../../../Desiccated/Content/DriveablePack/AH-6j/Materials/RaP_AH-6j_main_rotor_Mat.uasset" 268
"../../../Desiccated/Content/DriveablePack/AH-6j/Texture/RaP_AH-6j_AO.uasset" 269
"../../../Desiccated/Content/DriveablePack/AH-6j/Texture/RaP_AH-6j_Diffuse.uasset" 270
"../../../Desiccated/Content/DriveablePack/AH-6j/Texture/RaP_AH-6j_Masks.uasset" 271
"../../../Desiccated/Content/DriveablePack/AH-6j/Texture/RaP_AH-6j_METAL.uasset" 272
"../../../Desiccated/Content/DriveablePack/AH-6j/Texture/RaP_AH-6J_NRM.uasset" 273
"../../../Desiccated/Content/DriveablePack/AH-6j/Texture/RaP_AH-6j_SPEC.uasset" 274
"../../../Desiccated/Content/DriveablePack/AH-6j/Materials/RaP_AH-6j.uasset" 275
"../../../Desiccated/Content/DriveablePack/AH-6j/Meshes/RaP_AH-6J_Blade_M.uasset" 276
"../../../Engine/Content/Functions/Engine_MaterialFunctions02/Fresnel_Function.uasset" 277
"../../../Engine/Content/MapTemplates/T_ScreenDirt02_w.uasset" 278
"../../../Desiccated/Content/DriveablePack/Patria/Materials/Material_Complex/Glass.uasset" 279
"../../../Desiccated/Content/DriveablePack/AH-6j/Meshes/RaP_AH-6J_BODY.uasset" 280
"../../../Desiccated/Content/DriveablePack/AH-6j/Texture/Metall_destroyed_NRM.uasset" 281
"../../../Desiccated/Content/DriveablePack/AH-6j/Materials/RaP_AH-6j_Inst.uasset" 282
"../../../Desiccated/Content/DriveablePack/AH-6j/Meshes/RaP_AH-6J__Damage_body_PhysicsAsset.uasset" 283
"../../../Desiccated/Content/DriveablePack/AH-6j/Meshes/RaP_AH-6J__Damage_body_Skeleton.uasset" 284
"../../../Desiccated/Content/DriveablePack/AH-6j/Meshes/RaP_AH-6J_Damaged.uasset" 285
"../../../Desiccated/Content/DriveablePack/AH-6j/Meshes/RaP_AH-6J_engine.uasset" 286
"../../../Desiccated/Content/DriveablePack/AH-6j/Meshes/RaP_AH-6J_Rotor.uasset" 287
"../../../Desiccated/Content/DriveablePack/AH-6j/Meshes/RaP_AH-6J_Rotor_Plane.uasset" 288
"../../../Desiccated/Content/DriveablePack/AH-6j/Sounds/AH-6j_Missle_Launch.uasset" 289
"../../../Desiccated/Content/DriveablePack/AH-6j/Sounds/AH-6j_Rocket_1_01.uasset" 290
"../../../Desiccated/Content/DriveablePack/AH-6j/Sounds/AH-6j_rocket_2_02.uasset" 291
"../../../Desiccated/Content/DriveablePack/AH-6j/Sounds/AH-6j_Rocket.uasset" 292
"../../../Desiccated/Content/DriveablePack/AH-6j/Sounds/AH6-J_Primary_weapon.uasset" 293
"../../../Desiccated/Content/DriveablePack/AH-6j/Sounds/Rocket_reload_01.uasset" 294
"../../../Desiccated/Content/DriveablePack/AH-6j/Sounds/Rocket_reload_01_Cue.uasset" 295
"../../../Desiccated/Content/DriveablePack/AH-6j/Sounds/ROTOR_LOOP_AH-6j.uasset" 296
"../../../Desiccated/Content/DriveablePack/AH-6j/Sounds/ROTOR_LOOP_AH-6j_Cue.uasset" 297
"../../../Desiccated/Content/DriveablePack/AH-6j/Sounds/Shutdown_AH-6j_01.uasset" 298
"../../../Desiccated/Content/DriveablePack/AH-6j/Sounds/Shutdown_AH-6j_Cue2.uasset" 299
"../../../Desiccated/Content/DriveablePack/AH-6j/Sounds/START_AH-6j.uasset" 300
"../../../Desiccated/Content/DriveablePack/AH-6j/Sounds/START_AH-6j_Cue.uasset" 301
"../../../Desiccated/Content/DriveablePack/Audio/Landscape_HanggliderCrash01.uasset" 302
"../../../Desiccated/Content/DriveablePack/Audio/Landscape_HanggliderCrash02.uasset" 303
"../../../Desiccated/Content/DriveablePack/Audio/Crash_sound.uasset" 304
"../../../Desiccated/Content/DriveablePack/Particles/AH-6j_muzzle_flash.uasset" 305
"../../../Desiccated/Content/DriveablePack/Particles/AH-6j_Rocket.uasset" 306
"../../../Desiccated/Content/DriveablePack/AH-6j/Blueprints/RaP_AH-6j.uasset" 307
"../../../Engine/Content/EngineSky/C_Sky_Cloud_Color.uasset" 308
"../../../Engine/Content/EngineSky/C_Sky_Horizon_Color.uasset" 309
"../../../Engine/Content/EngineSky/C_Sky_Zenith_Color.uasset" 310
"../../../Engine/Content/EngineSky/T_Sky_Blue.uasset" 311
"../../../Engine/Content/EngineSky/T_Sky_Clouds_M.uasset" 312
"../../../Engine/Content/EngineSky/T_Sky_Stars.uasset" 313
"../../../Engine/Content/EngineSky/SM_SkySphere.uasset" 314
"../../../Engine/Content/EngineSky/M_Sky_Panning_Clouds2.uasset" 315
"../../../Engine/Content/EngineSky/BP_Sky_Sphere.uasset" 316
"../../../Desiccated/Content/Blueprints/Gamemodes/DesiccatedGameState.uasset" 317
"../../../Desiccated/Content/Blueprints/Gamemodes/DesiccatedMainGameMode.uasset" 318
"../../../Desiccated/Content/Blueprints/Items/Apple/AppleIcon.uasset" 319
"../../../Desiccated/Content/Materials/bag/Bag_Color.uasset" 320
"../../../Desiccated/Content/Materials/bag/Bag_Strap.uasset" 321
"../../../Desiccated/Content/Models/bag.uasset" 322
"../../../Desiccated/Content/Blueprints/Items/Apple/Apple_Item.uasset" 323
"../../../Desiccated/Content/Blueprints/Mining/Minable.uasset" 324
"../../../Desiccated/Content/Blueprints/Items/MineType.uasset" 325
"../../../Desiccated/Content/Blueprints/Items/ToolStruct.uasset" 326
"../../../Desiccated/Content/Blueprints/Items/Tool_Item.uasset" 327
"../../../Desiccated/Content/StarterContent/Textures/T_CobbleStone_Pebble_D.uasset" 328
"../../../Desiccated/Content/StarterContent/Textures/T_CobbleStone_Pebble_M.uasset" 329
"../../../Desiccated/Content/StarterContent/Textures/T_CobbleStone_Pebble_N.uasset" 330
"../../../Desiccated/Content/StarterContent/Textures/T_MacroVariation.uasset" 331
"../../../Desiccated/Content/StarterContent/Materials/M_CobbleStone_Pebble.uasset" 332
"../../../Engine/Content/EngineMaterials/WorldGridMaterial.uasset" 333
"../../../Engine/Content/BasicShapes/Cube.uasset" 334
"../../../Desiccated/Content/Blueprints/Items/PickAxe/Textures/pickaxeico.uasset" 335
"../../../Desiccated/Content/Blueprints/Items/PickAxe/PickAxe.uasset" 336
"../../../Desiccated/Content/Blueprints/Mining/Rock.uasset" 337
"../../../Desiccated/Content/LowPolyForest/Props/Rock_01.uasset" 338
"../../../Desiccated/Content/Blueprints/Mining/Rock/Rock1.uasset" 339
"../../../Desiccated/Content/Blueprints/Mining/Tree.uasset" 340
"../../../Engine/Content/Functions/Engine_MaterialFunctions01/WorldPositionOffset/SimpleGrassWind.uasset" 341
"../../../Desiccated/Content/LowPolyForest/Textures/Tree_Atlas_01.uasset" 342
"../../../Desiccated/Content/LowPolyForest/Textures/Tree_Atlas_01_NRM.uasset" 343
"../../../Desiccated/Content/LowPolyForest/Textures/Tree_Atlas_01_Rough.uasset" 344
"../../../Desiccated/Content/LowPolyForest/Materials/Tree_Atlas_01.uasset" 345
"../../../Desiccated/Content/LowPolyForest/Trees/Birch_02.uasset" 346
"../../../Desiccated/Content/Blueprints/Mining/Tree1/Tree1.uasset" 347
"../../../Desiccated/Content/IBWP3DPistol3Pack/Weapons/Magnum/Magnum_Skeleton_AnimBlueprint.uasset" 348
"../../../Desiccated/Content/FirstPersonBPIronbelly/Arms/Animations/ANIM_44_Magnum_Fire.uasset" 349
"../../../Desiccated/Content/FirstPersonBPIronbelly/Arms/Animations/ANIM_44_Magnum_Fire_Montage.uasset" 350
"../../../Desiccated/Content/FirstPersonBPIronbelly/Arms/Animations/ANIM_44_Magnum_Reload.uasset" 351
"../../../Desiccated/Content/FirstPersonBPIronbelly/Arms/Animations/ANIM_44_Magnum_Reload_Montage.uasset" 352
"../../../Desiccated/Content/FirstPersonBPIronbelly/Arms/Animations/ANIM_Magnum_ADS_Fire.uasset" 353
"../../../Desiccated/Content/FirstPersonBPIronbelly/Arms/Animations/ANIM_Magnum_ADS_Fire_Montage.uasset" 354
"../../../Desiccated/Content/IBWP3DPistol3Pack/Weapons/Magnum/Animations/ANIM_44_Magnum_Fire.uasset" 355
"../../../Desiccated/Content/IBWP3DPistol3Pack/Weapons/Magnum/Animations/ANIM_44_Magnum_Fire_Montage.uasset" 356
"../../../Desiccated/Content/Blueprints/Weapons/MagnumImg.uasset" 357
"../../../Desiccated/Content/FirstPersonBPIronbelly/ak47_RELOAD.uasset" 358
"../../../Desiccated/Content/FirstPersonBPIronbelly/ak47_RELOAD_Cue.uasset" 359
"../../../Desiccated/Content/FirstPersonBPIronbelly/Ak47_Single_Shot.uasset" 360
"../../../Desiccated/Content/FirstPersonBPIronbelly/Ak47_Single_Shot_Cue.uasset" 361
"../../../Desiccated/Content/Blueprints/Weapons/Magnum.uasset" 362
"../../../Desiccated/Content/IBWP3DPistol3Pack/Weapons/TT/Textures/TT_AO.uasset" 363
"../../../Desiccated/Content/IBWP3DPistol3Pack/Weapons/TT/Textures/TT_COL.uasset" 364
"../../../Desiccated/Content/IBWP3DPistol3Pack/Weapons/TT/Textures/TT_MET.uasset" 365
"../../../Desiccated/Content/IBWP3DPistol3Pack/Weapons/TT/Textures/TT_NRM.uasset" 366
"../../../Desiccated/Content/IBWP3DPistol3Pack/Weapons/TT/Textures/TT_RGS.uasset" 367
"../../../Desiccated/Content/IBWP3DPistol3Pack/Weapons/TT/Material/MAT_TT.uasset" 368
"../../../Desiccated/Content/IBWP3DPistol3Pack/Weapons/TT/SK_TT.uasset" 369
"../../../Desiccated/Content/IBWP3DPistol3Pack/Weapons/TT/TT_Skeleton.uasset" 370
"../../../Desiccated/Content/IBWP3DPistol3Pack/Weapons/TT/TT_Skeleton_AnimBlueprint.uasset" 371
"../../../Desiccated/Content/FirstPersonBPIronbelly/Arms/Animations/ANIM_TT-ADS_Fire.uasset" 372
"../../../Desiccated/Content/FirstPersonBPIronbelly/Arms/Animations/ANIM_TT-ADS_Fire_Montage.uasset" 373
"../../../Desiccated/Content/FirstPersonBPIronbelly/Arms/Animations/ANIM_TT_Fire.uasset" 374
"../../../Desiccated/Content/FirstPersonBPIronbelly/Arms/Animations/ANIM_TT_Fire_Montage.uasset" 375
"../../../Desiccated/Content/FirstPersonBPIronbelly/Arms/Animations/ANIM_TT_Reload.uasset" 376
"../../../Desiccated/Content/FirstPersonBPIronbelly/Arms/Animations/ANIM_TT_Reload_Montage.uasset" 377
"../../../Desiccated/Content/IBWP3DPistol3Pack/Weapons/TT/Animation/ANIM_TT_Fire.uasset" 378
"../../../Desiccated/Content/IBWP3DPistol3Pack/Weapons/TT/Animation/ANIM_TT_Fire_Montage.uasset" 379
"../../../Desiccated/Content/IBWP3DPistol3Pack/Weapons/TT/Animation/ANIM_TT_Reload.uasset" 380
"../../../Desiccated/Content/IBWP3DPistol3Pack/Weapons/TT/Animation/ANIM_TT_Reload_Montage.uasset" 381
"../../../Desiccated/Content/Blueprints/Weapons/TT/pistol_semiauto.uasset" 382
"../../../Desiccated/Content/Blueprints/Weapons/TT/TT_SHOT_1.uasset" 383
"../../../Desiccated/Content/Blueprints/Weapons/TT/TT_SHOT_2.uasset" 384
"../../../Desiccated/Content/Blueprints/Weapons/TT/TT_Fire.uasset" 385
"../../../Desiccated/Content/Blueprints/Weapons/TT/TT.uasset" 386
"../../../Desiccated/Content/LowPolyForest/Textures/Prop_Atlas_01.uasset" 387
"../../../Desiccated/Content/LowPolyForest/Textures/Prop_Atlas_01_NRM.uasset" 388
"../../../Desiccated/Content/LowPolyForest/Textures/Prop_Atlas_01_Rough.uasset" 389
"../../../Desiccated/Content/LowPolyForest/Materials/Prop_Atlas_01.uasset" 390
"../../../Desiccated/Content/LowPolyForest/Props/Rock_01_DM.uasset" 391
"../../../Desiccated/Content/StarterContent/Textures/T_Ground_Grass_D.uasset" 392
"../../../Desiccated/Content/StarterContent/Textures/T_Ground_Grass_N.uasset" 393
"../../../Desiccated/Content/StarterContent/Textures/T_Perlin_Noise_M.uasset" 394
"../../../Desiccated/Content/StarterContent/Materials/M_Ground_Grass.uasset" 395
"../../../Engine/Content/EngineMaterials/DefaultPhysicalMaterial.uasset" 396
"../../../Desiccated/Content/LowPolyForest/Ground_Plants/Bush_01.uasset" 397
"../../../Desiccated/Content/LowPolyForest/Ground_Plants/Grass_01.uasset" 398
"../../../Desiccated/Content/LowPolyForest/Ground_Plants/Grass_02.uasset" 399
"../../../Desiccated/Content/LowPolyForest/Ground_Plants/Grass_Tall_01.uasset" 400
"../../../Desiccated/Content/LowPolyForest/Ground_Plants/Ground_Plant_03.uasset" 401
"../../../Desiccated/Content/LowPolyForest/Trees/Fir_01.uasset" 402
"../../../Desiccated/Content/LowPolyForest/Trees/Spruce_Tall_01.uasset" 403
"../../../Desiccated/Content/StarterContent/Textures/T_Brick_Clay_New_D.uasset" 404
"../../../Desiccated/Content/StarterContent/Textures/T_Brick_Clay_New_M.uasset" 405
"../../../Desiccated/Content/StarterContent/Textures/T_Brick_Clay_New_N.uasset" 406
"../../../Desiccated/Content/StarterContent/Textures/T_Detail_Rocky_N.uasset" 407
"../../../Desiccated/Content/StarterContent/Materials/M_Brick_Clay_New.uasset" 408
"../../../Desiccated/Content/Models/concreteBarrier_LP_NS.uasset" 409
"../../../Engine/Content/ArtTools/RenderToTexture/MaterialFunctions/FlipbookWind.uasset" 410
"../../../Engine/Content/Functions/Engine_MaterialFunctions01/SpeedTree/SpeedTreeColorVariation.uasset" 411
"../../../Engine/Content/Functions/Engine_MaterialFunctions02/ObjectLocalToWorldData.uasset" 412
"../../../Engine/Content/Functions/Engine_MaterialFunctions02/Utility/VectorLength.uasset" 413
"../../../Engine/Content/Functions/Engine_MaterialFunctions02/WorldPositionOffset/ObjectScale.uasset" 414
"../../../Engine/Content/Functions/Engine_MaterialFunctions02/PivotPainter/PivotPainter_PerObjectData.uasset" 415
"../../../Engine/Content/Functions/Engine_MaterialFunctions02/WorldPositionOffset/Wind.uasset" 416
"../../../Engine/Content/Functions/Engine_MaterialFunctions02/PivotPainter/PivotPainter_PerObjectFoliageData.uasset" 417
"../../../Desiccated/Content/Realistic_Grass_2/Materials/Grass/Master_Materials/Matarial_Parameters/Grass_Movement.uasset" 418
"../../../Desiccated/Content/Realistic_Grass_2/Materials/Grass/Master_Materials/Matarial_Parameters/Wind_Source_Controll.uasset" 419
"../../../Desiccated/Content/Realistic_Grass_2/Textures/Noise/T_Gray_Scale_Noice.uasset" 420
"../../../Desiccated/Content/Realistic_Grass_2/Textures/Noise/T_Normal_Noise.uasset" 421
"../../../Desiccated/Content/Realistic_Grass_2/Textures/PlaceHolder/PH_Diffuse.uasset" 422
"../../../Desiccated/Content/Realistic_Grass_2/Materials/Grass/Master_Materials/Grass_HQ.uasset" 423
"../../../Desiccated/Content/Realistic_Grass_2/Textures/Grass/Field_Grass/Field_Grass.uasset" 424
"../../../Desiccated/Content/Realistic_Grass_2/Materials/Grass/Field_Grass/Desktop/Field_Grass_HQ.uasset" 425
"../../../Desiccated/Content/Realistic_Grass_2/Materials/Grass/Master_Materials/Grass_MQ.uasset" 426
"../../../Desiccated/Content/Realistic_Grass_2/Materials/Grass/Field_Grass/Desktop/Field_Grass_MQ.uasset" 427
"../../../Desiccated/Content/Realistic_Grass_2/Meshes/Grass/Field_Grass/Desktop/Field_Grass_1.uasset" 428
"../../../Desiccated/Content/Realistic_Grass_2/Meshes/Grass/Field_Grass/Desktop/Field_Grass_3.uasset" 429
"../../../Desiccated/Content/Levels/Colby_Debug.umap" 430
"../../../Desiccated/Content/Blueprints/Character/MainMenu/MainMenuCharacter.uasset" 431
"../../../Desiccated/Content/Blueprints/Gamemodes/MainMenu.uasset" 432
"../../../Desiccated/Content/Networking/Blueprints/GameState.uasset" 433
"../../../Desiccated/Content/Networking/Widgets/errorDia.uasset" 434
"../../../Desiccated/Content/Networking/Widgets/W_Loading.uasset" 435
"../../../Desiccated/Content/Networking/Widgets/W_MainMenu.uasset" 436
"../../../Desiccated/Content/Networking/Widgets/W_serverRow.uasset" 437
"../../../Desiccated/Content/Networking/Widgets/W_ServerList.uasset" 438
"../../../Desiccated/Content/Networking/Blueprints/GI_Desiccated.uasset" 439
"../../../Desiccated/Content/Blueprints/Character/MainMenu/White.uasset" 440
"../../../Desiccated/Content/Levels/mainMenu.umap" 441
"../../../Engine/Content/EngineFonts/Roboto.uasset" 442
"../../../Engine/Content/Functions/Engine_MaterialFunctions01/Shading/PowerToRoughness.uasset" 443
"../../../Engine/Content/EngineMaterials/DefaultDiffuse.uasset" 444
"../../../Engine/Content/EngineMaterials/DefaultDeferredDecalMaterial.uasset" 445
"../../../Engine/Content/EngineMaterials/DefaultLightFunctionMaterial.uasset" 446
"../../../Engine/Content/Functions/Engine_MaterialFunctions02/Utility/BreakOutFloat2Components.uasset" 447
"../../../Engine/Content/EngineMaterials/DefaultPostProcessMaterial.uasset" 448
"../../../Engine/Content/EngineResources/DefaultTexture.uasset" 449
"../../../Engine/Content/Functions/Engine_MaterialFunctions02/Texturing/ScreenAlignedUVs.uasset" 450
"../../../Engine/Content/EngineResources/WhiteSquareTexture.uasset" 451
"../../../Engine/Content/EngineMaterials/Widget3DPassThrough.uasset" 452
"../../../Engine/Content/EngineMaterials/Widget3DPassThrough_Translucent.uasset" 453
"../../../Engine/Content/EngineMaterials/Widget3DPassThrough_Translucent_OneSided.uasset" 454
"../../../Engine/Content/EngineMaterials/Widget3DPassThrough_Opaque.uasset" 455
"../../../Engine/Content/EngineMaterials/Widget3DPassThrough_Opaque_OneSided.uasset" 456
"../../../Engine/Content/EngineMaterials/Widget3DPassThrough_Masked.uasset" 457
"../../../Engine/Content/EngineMaterials/Widget3DPassThrough_Masked_OneSided.uasset" 458
"../../../Engine/Content/EditorResources/S_Actor.uasset" 459
"../../../Engine/Content/EditorResources/S_Emitter.uasset" 460
"../../../Engine/Content/EditorResources/SceneManager.uasset" 461
"../../../Engine/Content/EditorResources/Bad.uasset" 462
"../../../Engine/Content/EditorResources/Bkgnd.uasset" 463
"../../../Engine/Content/EditorResources/BkgndHi.uasset" 464
"../../../Engine/Content/EditorMeshes/EditorCube.uasset" 465
"../../../Engine/Content/EditorMeshes/EditorSphere.uasset" 466
"../../../Engine/Content/EditorMeshes/EditorPlane.uasset" 467
"../../../Engine/Content/EditorMeshes/EditorCylinder.uasset" 468
"../../../Engine/Content/Maps/Templates/Thumbnails/Default.uasset" 469
"../../../Engine/Content/EditorMaterials/Thumbnails/SkySphereMaterial.uasset" 470
"../../../Engine/Content/EditorMeshes/EditorSkySphere.uasset" 471
"../../../Engine/Content/EngineMaterials/Grid.uasset" 472
"../../../Engine/Content/EditorMaterials/Thumbnails/FloorPlaneMaterial.uasset" 473
"../../../Engine/Content/MapTemplates/Sky/DaylightAmbientCubemap.uasset" 474
"../../../Engine/Content/EditorMaterials/ParticleSystems/PSysThumbnail_NoImage.uasset" 475
"../../../Engine/Content/EditorMaterials/ParticleSystems/PSysThumbnail_OOD.uasset" 476
"../../../Engine/Content/EditorResources/S_DecalActorIcon.uasset" 477
"../../../Engine/Content/EditorLandscapeResources/LandscapeGizmo_Mat.uasset" 478
"../../../Engine/Content/EditorLandscapeResources/LandscapeGizmo_Mat_Copied.uasset" 479
"../../../Engine/Content/EditorLandscapeResources/LandscapeGizmoHeight_Mat.uasset" 480
"../../../Engine/Content/EditorLandscapeResources/DataLayer.uasset" 481
"../../../Engine/Content/EditorResources/S_Terrain.uasset" 482
"../../../Engine/Content/EditorLandscapeResources/SplineEditorMeshMat.uasset" 483
"../../../Engine/Content/EditorLandscapeResources/SplineEditorMesh.uasset" 484
"../../../Engine/Content/EditorResources/MatineeCam_D.uasset" 485
"../../../Engine/Content/EditorMaterials/MatineeCam_mat.uasset" 486
"../../../Engine/Content/EditorMeshes/MatineeCam_SM.uasset" 487
"../../../Engine/Content/Functions/Engine_MaterialFunctions02/Utility/Sign.uasset" 488
"../../../Engine/Content/Functions/Engine_MaterialFunctions02/Utility/Round.uasset" 489
"../../../Engine/Content/Functions/Engine_MaterialFunctions02/ExampleContent/Textures/flipbook.uasset" 490
"../../../Engine/Content/Functions/Engine_MaterialFunctions02/Texturing/FlipBook.uasset" 491
"../../../Engine/Content/EditorResources/T_EditorHelp.uasset" 492
"../../../Engine/Content/EditorMaterials/HelpActorMaterial.uasset" 493
"../../../Engine/Content/EditorResources/S_ExpoHeightFog.uasset" 494
"../../../Engine/Content/EditorResources/S_NavP.uasset" 495
"../../../Engine/Content/EditorResources/S_Player.uasset" 496
"../../../Engine/Content/EditorResources/LightIcons/SkyLight.uasset" 497
"../../../Engine/Content/EditorResources/S_WindDirectional.uasset" 498
"../../../Engine/Content/EngineDamageTypes/DmgTypeBP_Environmental.uasset" 499
"../../../Engine/Content/EditorResources/LightIcons/S_LightDirectional.uasset" 500
"../../../Engine/Content/EditorResources/LightIcons/S_LightDirectionalMove.uasset" 501
"../../../Engine/Content/EditorResources/LightIcons/S_LightPoint.uasset" 502
"../../../Engine/Content/EditorResources/LightIcons/S_LightPointMove.uasset" 503
"../../../Engine/Content/EditorResources/LightIcons/S_LightSpot.uasset" 504
"../../../Engine/Content/EditorResources/LightIcons/S_LightSpotMove.uasset" 505
"../../../Engine/Content/EditorResources/MatInstActSprite.uasset" 506
"../../../Engine/Content/EditorResources/AI/S_NavLink.uasset" 507
"../../../Engine/Content/EditorResources/S_Note.uasset" 508
"../../../Engine/Content/EngineMeshes/Sphere.uasset" 509
"../../../Engine/Content/EditorResources/S_ReflActorIcon.uasset" 510
"../../../Engine/Content/EditorResources/S_Thruster.uasset" 511
"../../../Engine/Content/EditorResources/S_RadForce.uasset" 512
"../../../Engine/Content/EditorMaterials/TargetIcon.uasset" 513
"../../../Engine/Content/EngineFonts/RobotoDistanceField.uasset" 514
"../../../Engine/Content/EngineMaterials/DefaultTextMaterialOpaque.uasset" 515
"../../../Engine/Content/EditorResources/S_TextRenderActorIcon.uasset" 516
"../../../Engine/Content/EditorResources/S_Trigger.uasset" 517
"../../../Engine/Content/EditorResources/S_VectorFieldVol.uasset" 518
"../../../Engine/Content/EngineResources/GradientTexture0.uasset" 519
"../../../Engine/Content/EngineResources/Black.uasset" 520
"../../../Engine/Content/EditorMaterials/MatineeGroups/MAT_Groups_Float.uasset" 521
"../../../Engine/Content/EditorMaterials/MatineeGroups/MAT_Groups_Director.uasset" 522
"../../../Engine/Content/EditorMaterials/MatineeGroups/MAT_Groups_Event.uasset" 523
"../../../Engine/Content/EditorMaterials/MatineeGroups/MAT_Groups_Anim.uasset" 524
"../../../Engine/Content/EditorMaterials/MatineeGroups/MAT_Groups_Fade.uasset" 525
"../../../Engine/Content/EditorMaterials/MatineeGroups/MAT_Groups_Move.uasset" 526
"../../../Engine/Content/EditorMaterials/MatineeGroups/MAT_Groups_Slomo.uasset" 527
"../../../Engine/Content/EditorMaterials/MatineeGroups/MAT_ColorTrack.uasset" 528
"../../../Engine/Content/EditorMaterials/MAT_Groups_Toggle.uasset" 529
"../../../Engine/Content/EditorMaterials/MatineeGroups/MAT_Groups_AudioMaster.uasset" 530
"../../../Engine/Content/EditorMaterials/MatineeGroups/MAT_Groups_Sound.uasset" 531
"../../../Engine/Content/EditorMaterials/MatineeGroups/MAT_Groups_Vector.uasset" 532
"../../../Engine/Content/EditorMaterials/MAT_Groups_Visibility.uasset" 533
"../../../Engine/Content/EngineResources/DefaultTextureCube.uasset" 534
"../../../Engine/Content/EngineMeshes/Cylinder.uasset" 535
"../../../Engine/Content/EngineTireTypes/DefaultTireType.uasset" 536
"../../../Engine/Content/EditorResources/S_FTest.uasset" 537
"../../../Engine/Content/EngineResources/AICON-Red.uasset" 538
"../../../Engine/Content/EngineResources/AICON-Green.uasset" 539
"../../../Engine/Plugins/2D/Paper2D/Content/PlaceholderTextures/DummySpriteTexture.uasset" 540
"../../../Engine/Plugins/2D/Paper2D/Content/DefaultSpriteMaterial.uasset" 541
"../../../Engine/Plugins/2D/Paper2D/Content/MaskedUnlitSpriteMaterial.uasset" 542
"../../../Engine/Plugins/2D/Paper2D/Content/OpaqueUnlitSpriteMaterial.uasset" 543
"../../../Engine/Plugins/2D/Paper2D/Content/DummySprite.uasset" 544
"../../../Engine/Plugins/2D/Paper2D/Content/DefaultPaperTerrainMaterial.uasset" 545
"../../../Engine/Content/EditorSounds/Notifications/CompileSuccess.uasset" 546
"../../../Engine/Content/EditorSounds/Notifications/CompileStart_Cue.uasset" 547
"../../../Engine/Content/EditorSounds/Notifications/CompileSuccess_Cue.uasset" 548
"../../../Engine/Content/EditorSounds/Notifications/CompileFailed.uasset" 549
"../../../Engine/Content/EditorSounds/Notifications/CompileFailed_Cue.uasset" 550
"../../../Engine/Content/BufferVisualization/BaseColor.uasset" 551
"../../../Engine/Content/BufferVisualization/CustomDepth.uasset" 552
"../../../Engine/Content/Functions/Engine_MaterialFunctions02/Utility/MakeFloat2.uasset" 553
"../../../Engine/Content/Functions/Engine_MaterialFunctions02/Utility/MakeFloat3.uasset" 554
"../../../Engine/Content/EngineMaterials/MiniFont.uasset" 555
"../../../Engine/Content/BufferVisualization/CustomStencil.uasset" 556
"../../../Engine/Content/BufferVisualization/DecalMask.uasset" 557
"../../../Engine/Content/BufferVisualization/FinalImage.uasset" 558
"../../../Engine/Content/BufferVisualization/LightingModel.uasset" 559
"../../../Engine/Content/BufferVisualization/MaterialAO.uasset" 560
"../../../Engine/Content/BufferVisualization/Metallic.uasset" 561
"../../../Engine/Content/BufferVisualization/Opacity.uasset" 562
"../../../Engine/Content/BufferVisualization/Roughness.uasset" 563
"../../../Engine/Content/BufferVisualization/SceneColor.uasset" 564
"../../../Engine/Content/BufferVisualization/SceneDepth.uasset" 565
"../../../Engine/Content/BufferVisualization/SeparateTranslucencyRGB.uasset" 566
"../../../Engine/Content/BufferVisualization/SeparateTranslucencyA.uasset" 567
"../../../Engine/Content/BufferVisualization/Specular.uasset" 568
"../../../Engine/Content/BufferVisualization/SubsurfaceColor.uasset" 569
"../../../Engine/Content/BufferVisualization/WorldNormal.uasset" 570
"../../../Engine/Content/BufferVisualization/AmbientOcclusion.uasset" 571
"../../../Engine/Content/BufferVisualization/CustomDepthWorldUnits.uasset" 572
"../../../Engine/Content/BufferVisualization/SceneDepthWorldUnits.uasset" 573
"../../../Engine/Plugins/Runtime/LeapMotionController/Content/LM_CapsuleMesh.uasset" 574
"../../../Engine/Plugins/Runtime/LeapMotionController/Content/LM_TorusMesh.uasset" 575
"../../../Engine/Plugins/Runtime/LeapMotionController/Content/LM_HandColor.uasset" 576
"../../../Engine/Plugins/Runtime/LeapMotionController/Content/LM_SampleDistortion.uasset" 577
"../../../Engine/Plugins/Runtime/LeapMotionController/Content/LM_TestTexture.uasset" 578
"../../../Engine/Plugins/Runtime/LeapMotionController/Content/LM_PassthroughMaterial.uasset" 579
"../../../Engine/Content/EngineMaterials/HighResolutionScreenshotMaskFunction.uasset" 580
"../../../Engine/Content/EngineMaterials/HighResScreenshot.uasset" 581
"../../../Engine/Content/EngineMaterials/HighResScreenshotMask.uasset" 582
"../../../Engine/Content/EngineMaterials/HighResScreenshotCaptureRegion.uasset" 583
"../../../Engine/Content/EngineDebugMaterials/WireframeMaterial.uasset" 584
"../../../Engine/Content/Functions/Engine_MaterialFunctions01/Shading/ConvertFromDiffSpec.uasset" 585
"../../../Engine/Content/EngineDebugMaterials/LevelColorationLitMaterial.uasset" 586
"../../../Engine/Content/EngineDebugMaterials/LevelColorationUnlitMaterial.uasset" 587
"../../../Engine/Content/EngineMaterials/DefaultWhiteGrid.uasset" 588
"../../../Engine/Content/EngineDebugMaterials/MAT_LevelColorationLitLightmapUV.uasset" 589
"../../../Engine/Content/EngineDebugMaterials/ShadedLevelColorationLitMaterial.uasset" 590
"../../../Engine/Content/EngineDebugMaterials/ShadedLevelColorationUnlitMateri.uasset" 591
"../../../Engine/Content/EngineDebugMaterials/VertexColorMaterial.uasset" 592
"../../../Engine/Content/EngineDebugMaterials/VertexColorViewMode_ColorOnly.uasset" 593
"../../../Engine/Content/EngineDebugMaterials/VertexColorViewMode_AlphaAsColor.uasset" 594
"../../../Engine/Content/EngineDebugMaterials/VertexColorViewMode_RedOnly.uasset" 595
"../../../Engine/Content/EngineDebugMaterials/VertexColorViewMode_GreenOnly.uasset" 596
"../../../Engine/Content/EngineDebugMaterials/VertexColorViewMode_BlueOnly.uasset" 597
"../../../Engine/Content/EngineMaterials/RemoveSurfaceMaterial.uasset" 598
"../../../Engine/Content/EngineDebugMaterials/DebugMeshMaterial.uasset" 599
"../../../Engine/Content/EngineMaterials/InvalidLightmapSettings.uasset" 600
"../../../Engine/Content/EngineMaterials/M_InvalidLightmapSettings.uasset" 601
"../../../Engine/Content/EditorMaterials/GizmoMaterial.uasset" 602
"../../../Engine/Content/EngineDebugMaterials/GeomMaterial.uasset" 603
"../../../Engine/Content/EngineMaterials/EditorBrushMaterial.uasset" 604
"../../../Engine/Content/EngineDebugMaterials/HeatmapGradient.uasset" 605
"../../../Engine/Content/EngineDebugMaterials/BoneWeightMaterial.uasset" 606
"../../../Engine/Content/EditorMaterials/PreviewShadowIndicator.uasset" 607
"../../../Engine/Content/EditorMaterials/PreviewShadowIndicatorMaterial.uasset" 608
"../../../Engine/Content/EditorMaterials/PhAT_JointLimitMaterial.uasset" 609
"../../../Engine/Content/EditorResources/BSPVertex.uasset" 610
"../../../Engine/Content/EngineMaterials/Good64x64TilingNoiseHighFreq.uasset" 611
"../../../Engine/Content/EngineMaterials/DefaultBokeh.uasset" 612
"../../../Engine/Content/EngineMaterials/PreintegratedSkinBRDF.uasset" 613
"../../../Engine/Content/EngineMaterials/WeightMapPlaceholderTexture.uasset" 614
"../../../Engine/Content/EngineFonts/RobotoTiny.uasset" 615
"../../../Engine/Content/Tutorial/Basics/LevelEditorAttract.uasset" 616
"../../../Engine/Content/Tutorial/Basics/TutorialAssets/icon_tab_Levels_40x.uasset" 617
"../../../Engine/Content/Tutorial/Basics/LevelEditorOverview.uasset" 618
"../../../Engine/Content/Tutorial/BlueprintTutorials/TutorialAssets/Blueprint_64x.uasset" 619
"../../../Engine/Content/Tutorial/BlueprintTutorials/BlueprintEditorTutorial.uasset" 620
"../../../Engine/Content/Tutorial/ContentIntroCurve.uasset" 621
"../../../Engine/Content/EditorMaterials/Cross.uasset" 622
"../../../Engine/Content/EditorMaterials/Cross_Mat.uasset" 623
"../../../Engine/Content/EditorMaterials/PhAT_BoneSelectedMaterial.uasset" 624
"../../../Engine/Content/EditorMaterials/PhAT_ElemSelectedMaterial.uasset" 625
"../../../Engine/Content/EditorMaterials/PhAT_NoCollisionMaterial.uasset" 626
"../../../Engine/Content/EditorMaterials/PhAT_UnselectedMaterial.uasset" 627
"../../../Engine/Content/EditorMaterials/Tick.uasset" 628
"../../../Engine/Content/EditorMaterials/Tick_Mat.uasset" 629
"../../../Engine/Content/EditorMaterials/WidgetGridVertexColorMaterial.uasset" 630
"../../../Engine/Content/EditorMaterials/WidgetGridVertexColorMaterial_Ma.uasset" 631
"../../../Engine/Content/EditorMaterials/WidgetMaterial.uasset" 632
"../../../Engine/Content/EditorMaterials/WidgetMaterial_Current.uasset" 633
"../../../Engine/Content/EditorMaterials/WidgetMaterial_X.uasset" 634
"../../../Engine/Content/EditorMaterials/WidgetMaterial_Y.uasset" 635
"../../../Engine/Content/EditorMaterials/WidgetMaterial_Z.uasset" 636
"../../../Engine/Content/EditorMaterials/WidgetVertexColorMaterial.uasset" 637
"../../../Engine/Content/EditorMaterials/CompositeARGBLayer.uasset" 638
"../../../Engine/Content/EditorMaterials/TilingAALineIntegral.uasset" 639
"../../../Engine/Content/EditorMaterials/TilingAALineBoxFiltered.uasset" 640
"../../../Engine/Content/Functions/Engine_MaterialFunctions03/Procedurals/ComputeFilterWidth.uasset" 641
"../../../Engine/Content/EditorMaterials/TilingAADots.uasset" 642
"../../../Engine/Content/EditorMaterials/Cascade/CASC_Cross.uasset" 643
"../../../Engine/Content/EditorMaterials/Cascade/CASC_None.uasset" 644
"../../../Engine/Content/Functions/Engine_MaterialFunctions03/Blends/Blend_Screen.uasset" 645
"../../../Engine/Content/EditorMaterials/TilingAAGrid.uasset" 646
"../../../Engine/Content/EditorMaterials/LevelGridMaterial.uasset" 647
"../../../Engine/Content/EditorResources/SmallFont.uasset" 648
"../../../Engine/Content/EditorResources/S_KBSJoint.uasset" 649
"../../../Engine/Content/EditorResources/S_KHinge.uasset" 650
"../../../Engine/Content/EditorResources/S_KPrismatic.uasset" 651
"../../../Engine/Content/EditorResources/LightIcons/S_LightError.uasset" 652
"../../../Engine/Content/EditorResources/Spline/T_Loft_Spline.uasset" 653
"../../../Engine/Content/EngineMaterials/BlinkingCaret.uasset" 654
"../../../Engine/Content/EngineMaterials/DefaultNormal.uasset" 655
"../../../Engine/Content/EngineMaterials/Grid_N.uasset" 656
"../../../Engine/Content/EngineMaterials/LandscapeHolePhysicalMaterial.uasset" 657
"../../../Engine/Content/EngineMaterials/PaperDiffuse.uasset" 658
"../../../Engine/Content/EngineMaterials/PaperNormal.uasset" 659
"../../../Engine/Content/EngineMaterials/PhysMat_Rubber.uasset" 660
"../../../Engine/Content/EngineFonts/SmallFont.uasset" 661
"../../../Engine/Content/EngineFonts/TinyFont.uasset" 662
"../../../Engine/Content/EngineResources/StreamingPauseIcon.uasset" 663
"../../../Engine/Content/EngineResources/M_StreamingPause.uasset" 664
"../../../Engine/Content/EditorLandscapeResources/DefaultAlphaTexture.uasset" 665
"../../../Desiccated/Content/StarterContent/Materials/M_Metal_Brushed_Nickel.uasset" 666
"../../../Desiccated/Content/StarterContent/Textures/T_Metal_Aluminum_D.uasset" 667
"../../../Desiccated/Content/StarterContent/Textures/T_Metal_Gold_N.uasset" 668
"../../../Desiccated/Content/StarterContent/Materials/M_Metal_Burnished_Steel.uasset" 669
"../../../Desiccated/Content/StarterContent/Textures/T_Metal_Copper_D.uasset" 670
"../../../Desiccated/Content/StarterContent/Materials/M_Metal_Copper.uasset" 671
"../../../Desiccated/Content/StarterContent/Materials/M_Basic_Floor.uasset" 672
"../../../Desiccated/Content/StarterContent/Architecture/Floor_400x400.uasset" 673
"../../../Desiccated/Content/StarterContent/Audio/Starter_Birds01.uasset" 674
"../../../Desiccated/Content/StarterContent/Audio/Starter_Wind05.uasset" 675
"../../../Desiccated/Content/StarterContent/Audio/Starter_Wind06.uasset" 676
"../../../Desiccated/Content/StarterContent/Audio/Starter_Background_Cue.uasset" 677
"../../../Desiccated/Content/StarterContent/Textures/T_Chair_M.uasset" 678
"../../../Desiccated/Content/StarterContent/Textures/T_Chair_N.uasset" 679
"../../../Desiccated/Content/StarterContent/Props/Materials/M_Chair.uasset" 680
"../../../Desiccated/Content/StarterContent/Props/SM_Chair.uasset" 681
"../../../Desiccated/Content/StarterContent/Textures/T_TableRound_M.uasset" 682
"../../../Desiccated/Content/StarterContent/Textures/T_TableRound_N.uasset" 683
"../../../Desiccated/Content/StarterContent/Props/Materials/M_TableRound.uasset" 684
"../../../Desiccated/Content/StarterContent/Props/SM_TableRound.uasset" 685
"../../../Engine/Content/EditorResources/EmptyActor.uasset" 686
"../../../Engine/Content/EditorResources/AudioIcons/S_AudioComponent_AutoActivate.uasset" 687
"../../../Engine/Content/BasicShapes/Sphere.uasset" 688
"../../../Engine/Content/BasicShapes/Cone.uasset" 689
"../../../Engine/Content/EditorMaterials/MakeCompositeARGBLayer.uasset" 690
"../../../Engine/Content/EditorResources/LevelGrid1DStripes.uasset" 691
"../../../Engine/Content/EditorMaterials/TextureGridCascaded1D.uasset" 692
"../../../Engine/Content/EditorMaterials/TextureGridCascaded2D.uasset" 693
"../../../Engine/Content/EditorMaterials/LevelGridMaterial2.uasset" 694
"../../../Engine/Content/MobileResources/HUD/MobileHUDButton3.uasset" 695
"../../../Engine/Content/MobileResources/T_MobileMenu2.uasset" 696
"../../../Engine/Content/MobileResources/HUD/MobileHUDButton2_off.uasset" 697
"../../../Engine/Content/MobileResources/HUD/MobileHUDDirectionPad.uasset" 698
"../../../Engine/Content/MobileResources/HUD/MobileHUDButton1_off.uasset" 699
"../../../Engine/Content/MobileResources/HUD/MobileHUDDirectionPad3.uasset" 700
"../../../Engine/Content/MobileResources/HUD/T_Castle_ThumbstickInner.uasset" 701
"../../../Engine/Content/MobileResources/HUD/T_Castle_ThumbstickOutter.uasset" 702
"../../../Engine/Content/EditorResources/AudioIcons/S_AudioComponent.uasset" 703
"../../../Engine/Content/MobileResources/T_MobileControls_texture.uasset" 704
"../../../Engine/Content/MobileResources/HUD/AnalogHat.uasset" 705
"../../../Engine/Content/MobileResources/HUD/VirtualJoystick_Background.uasset" 706
"../../../Engine/Content/MobileResources/HUD/VirtualJoystick_Thumb.uasset" 707
"../../../Engine/Content/MobileResources/HUD/DefaultVirtualJoysticks.uasset" 708
"../../../Engine/Content/MobileResources/HUD/LeftVirtualJoystickOnly.uasset" 709
"../../../Engine/Content/MobileResources/HUD/MobileHUDButton1_on.uasset" 710
"../../../Engine/Content/MobileResources/HUD/MobileHUDButton2_on.uasset" 711
"../../../Engine/Content/MobileResources/HUD/MobileHUDButtonFire.uasset" 712
"../../../Engine/Content/MobileResources/HUD/MobileHUDDirectionPad2.uasset" 713
"../../../Engine/Content/MobileResources/HUD/MobileHUDDirectionStick.uasset" 714
