"C:/Enigma/SurvivalGame/Desiccated/Desiccated.uproject" 1
"../../../Engine/Plugins/2D/Paper2D/Paper2D.uplugin" 2
"../../../Engine/Plugins/Blendables/LightPropagationVolume/LightPropagationVolume.uplugin" 3
"../../../Engine/Plugins/Developer/BlankPlugin/BlankPlugin.uplugin" 4
"../../../Engine/Plugins/Developer/CodeLiteSourceCodeAccess/CodeLiteSourceCodeAccess.uplugin" 5
"../../../Engine/Plugins/Developer/GitSourceControl/GitSourceControl.uplugin" 6
"../../../Engine/Plugins/Developer/KDevelopSourceCodeAccess/KDevelopSourceCodeAccess.uplugin" 7
"../../../Engine/Plugins/Developer/NullSourceCodeAccess/NullSourceCodeAccess.uplugin" 8
"../../../Engine/Plugins/Developer/OneSkyLocalizationService/OneSkyLocalizationService.uplugin" 9
"../../../Engine/Plugins/Developer/PerforceSourceControl/PerforceSourceControl.uplugin" 10
"../../../Engine/Plugins/Developer/SubversionSourceControl/SubversionSourceControl.uplugin" 11
"../../../Engine/Plugins/Developer/UObjectPlugin/UObjectPlugin.uplugin" 12
"../../../Engine/Plugins/Developer/VisualStudioSourceCodeAccess/VisualStudioSourceCodeAccess.uplugin" 13
"../../../Engine/Plugins/Developer/XCodeSourceCodeAccess/XCodeSourceCodeAccess.uplugin" 14
"../../../Engine/Plugins/Editor/EpicSurvey/EpicSurvey.uplugin" 15
"../../../Engine/Plugins/Editor/MacGraphicsSwitching/MacGraphicsSwitching.uplugin" 16
"../../../Engine/Plugins/Editor/PluginBrowser/PluginBrowser.uplugin" 17
"../../../Engine/Plugins/Editor/SpeedTreeImporter/SpeedTreeImporter.uplugin" 18
"../../../Engine/Plugins/Editor/SuperSearchEditor/SuperSearchEditor.uplugin" 19
"../../../Engine/Plugins/Experimental/BlueprintStats/BlueprintStats.uplugin" 20
"../../../Engine/Plugins/Experimental/CharacterAI/CharacterAI.uplugin" 21
"../../../Engine/Plugins/Experimental/CodeEditor/CodeEditor.uplugin" 22
"../../../Engine/Plugins/Experimental/CodeView/CodeView.uplugin" 23
"../../../Engine/Plugins/Experimental/HTML5Networking/HTML5Networking.uplugin" 24
"../../../Engine/Plugins/Experimental/LiveEditor/LiveEditor.uplugin" 25
"../../../Engine/Plugins/Experimental/OSVR/OSVR.uplugin" 26
"../../../Engine/Plugins/Experimental/Phya/Phya.uplugin" 27
"../../../Engine/Plugins/Experimental/SignificanceManager/SignificanceManager.uplugin" 28
"../../../Engine/Plugins/Experimental/SimpleHMD/SimpleHMD.uplugin" 29
"../../../Engine/Plugins/Experimental/StereoPanorama/StereoPanorama.uplugin" 30
"../../../Engine/Plugins/Experimental/StructBox/StructBox.uplugin" 31
"../../../Engine/Plugins/Media/AndroidMedia/AndroidMedia.uplugin" 32
"../../../Engine/Plugins/Media/AvfMedia/AvfMedia.uplugin" 33
"../../../Engine/Plugins/Media/MediaPlayerEditor/MediaPlayerEditor.uplugin" 34
"../../../Engine/Plugins/Media/WmfMedia/WmfMedia.uplugin" 35
"../../../Engine/Plugins/Messaging/MessagingDebugger/MessagingDebugger.uplugin" 36
"../../../Engine/Plugins/Messaging/UdpMessaging/UdpMessaging.uplugin" 37
"../../../Engine/Plugins/MovieScene/LevelSequenceEditor/LevelSequenceEditor.uplugin" 38
"../../../Engine/Plugins/MovieScene/MatineeToLevelSequence/MatineeToLevelSequence.uplugin" 39
"../../../Engine/Plugins/NetcodeUnitTest/NetcodeUnitTest/NetcodeUnitTest.uplugin" 40
"../../../Engine/Plugins/NetcodeUnitTest/NUTUnrealEngine4/NUTUnrealEngine4.uplugin" 41
"../../../Engine/Plugins/Runtime/Advertising/IOSTapJoy/IOSTapJoy.uplugin" 42
"../../../Engine/Plugins/Runtime/Analytics/AnalyticsBlueprintLibrary/AnalyticsBlueprintLibrary.uplugin" 43
"../../../Engine/Plugins/Runtime/Analytics/AnalyticsMulticast/AnalyticsMulticast.uplugin" 44
"../../../Engine/Plugins/Runtime/Analytics/Apsalar/Apsalar.uplugin" 45
"../../../Engine/Plugins/Runtime/Analytics/FileLogging/FileLogging.uplugin" 46
"../../../Engine/Plugins/Runtime/Analytics/Flurry/Flurry.uplugin" 47
"../../../Engine/Plugins/Runtime/AndroidDeviceProfileSelector/AndroidDeviceProfileSelector.uplugin" 48
"../../../Engine/Plugins/Runtime/AndroidMoviePlayer/AndroidMoviePlayer.uplugin" 49
"../../../Engine/Plugins/Runtime/AppleMoviePlayer/AppleMoviePlayer.uplugin" 50
"../../../Engine/Plugins/Runtime/ArchVisCharacter/ArchVisCharacter.uplugin" 51
"../../../Engine/Plugins/Runtime/CableComponent/CableComponent.uplugin" 52
"../../../Engine/Plugins/Runtime/CustomMeshComponent/CustomMeshComponent.uplugin" 53
"../../../Engine/Plugins/Runtime/ExampleDeviceProfileSelector/ExampleDeviceProfileSelector.uplugin" 54
"../../../Engine/Plugins/Runtime/GearVR/GearVR.uplugin" 55
"../../../Engine/Plugins/Runtime/GoogleVR/GoogleVRController/GoogleVRController.uplugin" 56
"../../../Engine/Plugins/Runtime/GoogleVR/GoogleVRHMD/GoogleVRHMD.uplugin" 57
"../../../Engine/Plugins/Runtime/IOSDeviceProfileSelector/IOSDeviceProfileSelector.uplugin" 58
"../../../Engine/Plugins/Runtime/LeapMotion/LeapMotion.uplugin" 59
"../../../Engine/Plugins/Runtime/LinuxDeviceProfileSelector/LinuxDeviceProfileSelector.uplugin" 60
"../../../Engine/Plugins/Runtime/LiveEditorListenServer/LiveEditorListenServer.uplugin" 61
"../../../Engine/Plugins/Runtime/OculusAudio/OculusAudio.uplugin" 62
"../../../Engine/Plugins/Runtime/OculusInput/OculusInput.uplugin" 63
"../../../Engine/Plugins/Runtime/OculusLibrary/OculusLibrary.uplugin" 64
"../../../Engine/Plugins/Runtime/OculusRift/OculusRift.uplugin" 65
"../../../Engine/Plugins/Runtime/PacketHandlers/CompressionComponents/Oodle/Oodle.uplugin" 66
"../../../Engine/Plugins/Runtime/ProceduralMeshComponent/ProceduralMeshComponent.uplugin" 67
"../../../Engine/Plugins/Runtime/SoundMod/SoundMod.uplugin" 68
"../../../Engine/Plugins/Runtime/SoundVisualizations/SoundVisualizations.uplugin" 69
"../../../Engine/Plugins/Runtime/Steam/SteamController/SteamController.uplugin" 70
"../../../Engine/Plugins/Runtime/Steam/SteamVR/SteamVR.uplugin" 71
"../../../Engine/Plugins/Runtime/WebBrowserWidget/WebBrowserWidget.uplugin" 72
"../../../Engine/Plugins/Runtime/WindowsDeviceProfileSelector/WindowsDeviceProfileSelector.uplugin" 73
"../../../Engine/Plugins/Runtime/WindowsMoviePlayer/WindowsMoviePlayer.uplugin" 74
"../../../Engine/Plugins/ScriptPlugin/ScriptPlugin.uplugin" 75
"../../../Engine/Plugins/Slate/SlateRemote/SlateRemote.uplugin" 76
"../../../../../../Enigma/SurvivalGame/Desiccated/Plugins/AdvancedSessions/AdvancedSessions.uplugin" 77
"../../../../../../Enigma/SurvivalGame/Desiccated/Plugins/AutoTerrainTexturer/AutoTerrainTexturer.uplugin" 78
"..\..\..\Engine\Content\Internationalization\icudt53l\cnvalias.icu" 79
"..\..\..\Engine\Content\Internationalization\icudt53l\res_index.res" 80
"..\..\..\Engine\Content\Internationalization\icudt53l\en_US_POSIX.res" 81
"..\..\..\Engine\Content\Internationalization\icudt53l\pool.res" 82
"..\..\..\Engine\Content\Internationalization\icudt53l\en_US.res" 83
"..\..\..\Engine\Content\Internationalization\icudt53l\en.res" 84
"..\..\..\Engine\Content\Internationalization\icudt53l\root.res" 85
"..\..\..\Engine\Content\Internationalization\icudt53l\lang\en.res" 86
"..\..\..\Engine\Content\Internationalization\icudt53l\lang\pool.res" 87
"..\..\..\Engine\Content\Internationalization\icudt53l\lang\root.res" 88
"..\..\..\Engine\Content\Internationalization\icudt53l\region\en.res" 89
"..\..\..\Engine\Content\Internationalization\icudt53l\region\pool.res" 90
"..\..\..\Engine\Content\Internationalization\icudt53l\region\root.res" 91
"C:/Users/colbe/AppData/Local/UnrealEngine/4.12/Saved/Config/Windows/Manifest.ini" 92
"../../../Engine/Config/Base.ini" 93
"../../../Engine/Config/BaseEngine.ini" 94
"C:/Enigma/SurvivalGame/Desiccated/Config/DefaultEngine.ini" 95
"../../../Engine/Config/Windows/WindowsEngine.ini" 96
"C:/Enigma/SurvivalGame/Desiccated/Saved/Config/Windows/Engine.ini" 97
"../../../../../../Enigma/SurvivalGame/Desiccated/Intermediate/Config/CoalescedSourceConfigs/Engine.ini" 98
"../../../Engine/Config/BaseGame.ini" 99
"C:/Enigma/SurvivalGame/Desiccated/Config/DefaultGame.ini" 100
"C:/Enigma/SurvivalGame/Desiccated/Saved/Config/Windows/Game.ini" 101
"../../../../../../Enigma/SurvivalGame/Desiccated/Intermediate/Config/CoalescedSourceConfigs/Game.ini" 102
"../../../Engine/Config/BaseInput.ini" 103
"C:/Enigma/SurvivalGame/Desiccated/Config/DefaultInput.ini" 104
"C:/Enigma/SurvivalGame/Desiccated/Saved/Config/Windows/Input.ini" 105
"../../../../../../Enigma/SurvivalGame/Desiccated/Intermediate/Config/CoalescedSourceConfigs/Input.ini" 106
"../../../Engine/Config/BaseEditor.ini" 107
"C:/Enigma/SurvivalGame/Desiccated/Config/DefaultEditor.ini" 108
"C:/Enigma/SurvivalGame/Desiccated/Saved/Config/Windows/Editor.ini" 109
"../../../../../../Enigma/SurvivalGame/Desiccated/Intermediate/Config/CoalescedSourceConfigs/Editor.ini" 110
"../../../Engine/Config/BaseEditorPerProjectUserSettings.ini" 111
"C:/Enigma/SurvivalGame/Desiccated/Saved/Config/Windows/EditorPerProjectUserSettings.ini" 112
"../../../../../../Enigma/SurvivalGame/Desiccated/Intermediate/Config/CoalescedSourceConfigs/EditorPerProjectUserSettings.ini" 113
"../../../Engine/Config/BaseEditorSettings.ini" 114
"C:/Users/colbe/AppData/Local/UnrealEngine/4.12/Saved/Config/Windows/EditorSettings.ini" 115
"../../../../../../Enigma/SurvivalGame/Desiccated/Intermediate/Config/CoalescedSourceConfigs/EditorSettings.ini" 116
"../../../Engine/Config/BaseEditorLayout.ini" 117
"C:/Users/colbe/AppData/Local/UnrealEngine/4.12/Saved/Config/Windows/EditorLayout.ini" 118
"../../../../../../Enigma/SurvivalGame/Desiccated/Intermediate/Config/CoalescedSourceConfigs/EditorLayout.ini" 119
"../../../Engine/Config/BaseEditorKeyBindings.ini" 120
"C:/Users/colbe/AppData/Local/UnrealEngine/4.12/Saved/Config/Windows/EditorKeyBindings.ini" 121
"../../../../../../Enigma/SurvivalGame/Desiccated/Intermediate/Config/CoalescedSourceConfigs/EditorKeyBindings.ini" 122
"../../../Engine/Config/BaseCompat.ini" 123
"C:/Enigma/SurvivalGame/Desiccated/Saved/Config/Windows/Compat.ini" 124
"../../../../../../Enigma/SurvivalGame/Desiccated/Intermediate/Config/CoalescedSourceConfigs/Compat.ini" 125
"../../../Engine/Config/BaseLightmass.ini" 126
"C:/Enigma/SurvivalGame/Desiccated/Saved/Config/Windows/Lightmass.ini" 127
"../../../../../../Enigma/SurvivalGame/Desiccated/Intermediate/Config/CoalescedSourceConfigs/Lightmass.ini" 128
"../../../Engine/Config/BaseScalability.ini" 129
"C:/Enigma/SurvivalGame/Desiccated/Saved/Config/Windows/Scalability.ini" 130
"../../../../../../Enigma/SurvivalGame/Desiccated/Intermediate/Config/CoalescedSourceConfigs/Scalability.ini" 131
"../../../Engine/Config/BaseHardware.ini" 132
"C:/Enigma/SurvivalGame/Desiccated/Saved/Config/Windows/Hardware.ini" 133
"../../../../../../Enigma/SurvivalGame/Desiccated/Intermediate/Config/CoalescedSourceConfigs/Hardware.ini" 134
"C:/Enigma/SurvivalGame/Desiccated/Saved/Config/Windows/GameUserSettings.ini" 135
"../../../../../../Enigma/SurvivalGame/Desiccated/Intermediate/Config/CoalescedSourceConfigs/GameUserSettings.ini" 136
"../../../Engine/Config/BaseDeviceProfiles.ini" 137
"C:/Enigma/SurvivalGame/Desiccated/Saved/Config/Windows/DeviceProfiles.ini" 138
"../../../../../../Enigma/SurvivalGame/Desiccated/Intermediate/Config/CoalescedSourceConfigs/DeviceProfiles.ini" 139
"../../../Engine/Config/ConsoleVariables.ini" 140
"..\..\..\Engine\Content\Internationalization\icudt53l\ar.res" 141
"..\..\..\Engine\Content\Internationalization\icudt53l\lang\ar.res" 142
"..\..\..\Engine\Content\Internationalization\icudt53l\es.res" 143
"..\..\..\Engine\Content\Internationalization\icudt53l\lang\es.res" 144
"..\..\..\Engine\Content\Internationalization\icudt53l\ja.res" 145
"..\..\..\Engine\Content\Internationalization\icudt53l\lang\ja.res" 146
"..\..\..\Engine\Content\Internationalization\icudt53l\ko.res" 147
"..\..\..\Engine\Content\Internationalization\icudt53l\lang\ko.res" 148
"..\..\..\Engine\Content\Internationalization\icudt53l\pt_BR.res" 149
"..\..\..\Engine\Content\Internationalization\icudt53l\pt.res" 150
"..\..\..\Engine\Content\Internationalization\icudt53l\lang\pt.res" 151
"..\..\..\Engine\Content\Internationalization\icudt53l\region\pt.res" 152
"..\..\..\Engine\Content\Internationalization\icudt53l\zh_CN.res" 153
"..\..\..\Engine\Content\Internationalization\icudt53l\zh_Hans_CN.res" 154
"..\..\..\Engine\Content\Internationalization\icudt53l\zh_Hans.res" 155
"..\..\..\Engine\Content\Internationalization\icudt53l\zh.res" 156
"..\..\..\Engine\Content\Internationalization\icudt53l\lang\zh_CN.res" 157
"..\..\..\Engine\Content\Internationalization\icudt53l\lang\zh_Hans_CN.res" 158
"..\..\..\Engine\Content\Internationalization\icudt53l\lang\zh_Hans.res" 159
"..\..\..\Engine\Content\Internationalization\icudt53l\lang\zh.res" 160
"..\..\..\Engine\Content\Internationalization\icudt53l\region\zh_CN.res" 161
"..\..\..\Engine\Content\Internationalization\icudt53l\region\zh_Hans_CN.res" 162
"..\..\..\Engine\Content\Internationalization\icudt53l\region\zh_Hans.res" 163
"..\..\..\Engine\Content\Internationalization\icudt53l\region\zh.res" 164
"C:/Program Files/Epic Games/4.12/Engine/Content/Localization/Editor/en/Editor.locres" 165
"C:/Program Files/Epic Games/4.12/Engine/Content/Localization/EditorTutorials/en/EditorTutorials.locres" 166
"C:/Program Files/Epic Games/4.12/Engine/Content/Localization/Keywords/en/Keywords.locres" 167
"C:/Program Files/Epic Games/4.12/Engine/Content/Localization/Category/en/Category.locres" 168
"C:/Program Files/Epic Games/4.12/Engine/Content/Localization/ToolTips/en/ToolTips.locres" 169
"C:/Program Files/Epic Games/4.12/Engine/Content/Localization/PropertyNames/en/PropertyNames.locres" 170
"C:/Program Files/Epic Games/4.12/Engine/Content/Localization/Engine/en/Engine.locres" 171
"../../../Engine/Content/Slate/Fonts/Roboto-Regular.ttf" 172
"../../../Engine/Content/Slate/Fonts/DroidSansMono.ttf" 173
"../../../Engine/Content/Slate/Fonts/Roboto-Bold.ttf" 174
"../../../Engine/Content/Slate/Fonts/Roboto-Light.ttf" 175
"C:/Program Files/Epic Games/4.12/Engine/Binaries/Win64/../../../Engine/Shaders/VectorFieldVisualizationVertexFactory.usf" 176
"C:/Program Files/Epic Games/4.12/Engine/Binaries/Win64/../../../Engine/Shaders/VertexFactoryCommon.usf" 177
"C:/Program Files/Epic Games/4.12/Engine/Binaries/Win64/../../../Engine/Shaders/Common.usf" 178
"C:/Program Files/Epic Games/4.12/Engine/Binaries/Win64/../../../Engine/Shaders/MetalCommon.usf" 179
"C:/Program Files/Epic Games/4.12/Engine/Binaries/Win64/../../../Engine/Shaders/VulkanCommon.usf" 180
"C:/Program Files/Epic Games/4.12/Engine/Binaries/Win64/../../../Engine/Shaders/ShaderVersion.usf" 181
"C:/Program Files/Epic Games/4.12/Engine/Binaries/Win64/../../../Engine/Shaders/CommonViewUniformBuffer.usf" 182
"C:/Program Files/Epic Games/4.12/Engine/Binaries/Win64/../../../Engine/Shaders/InstancedStereo.usf" 183
"C:/Program Files/Epic Games/4.12/Engine/Binaries/Win64/../../../Engine/Shaders/Definitions.usf" 184
"C:/Program Files/Epic Games/4.12/Engine/Binaries/Win64/../../../Engine/Shaders/Random.usf" 185
"C:/Program Files/Epic Games/4.12/Engine/Binaries/Win64/../../../Engine/Shaders/ParticleSpriteVertexFactory.usf" 186
"C:/Program Files/Epic Games/4.12/Engine/Binaries/Win64/../../../Engine/Shaders/ParticleVertexFactoryCommon.usf" 187
"C:/Program Files/Epic Games/4.12/Engine/Binaries/Win64/../../../Engine/Shaders/ParticleGPUSpriteVertexFactory.usf" 188
"C:/Program Files/Epic Games/4.12/Engine/Binaries/Win64/../../../Engine/Shaders/ParticleBeamTrailVertexFactory.usf" 189
"C:/Program Files/Epic Games/4.12/Engine/Binaries/Win64/../../../Engine/Shaders/MeshParticleVertexFactory.usf" 190
"C:/Program Files/Epic Games/4.12/Engine/Binaries/Win64/../../../Engine/Shaders/LocalVertexFactory.usf" 191
"C:/Program Files/Epic Games/4.12/Engine/Binaries/Win64/../../../Engine/Shaders/LocalVertexFactoryCommon.usf" 192
"C:/Program Files/Epic Games/4.12/Engine/Binaries/Win64/../../../Engine/Shaders/GpuSkinCommon.usf" 193
"C:/Program Files/Epic Games/4.12/Engine/Binaries/Win64/../../../Engine/Shaders/GpuSkinVertexFactory.usf" 194
"C:/Program Files/Epic Games/4.12/Engine/Binaries/Win64/../../../Engine/Shaders/LandscapeVertexFactory.usf" 195
"C:/Program Files/Epic Games/4.12/Engine/Binaries/Win64/../../../Engine/Shaders/SlateElementPixelShader.usf" 196
"C:/Program Files/Epic Games/4.12/Engine/Binaries/Win64/../../../Engine/Shaders/GammaCorrectionCommon.usf" 197
"C:/Program Files/Epic Games/4.12/Engine/Binaries/Win64/../../../Engine/Shaders/SlateShaderCommon.usf" 198
"C:/Program Files/Epic Games/4.12/Engine/Binaries/Win64/../../../Engine/Shaders/MaterialTemplate.usf" 199
"C:/Program Files/Epic Games/4.12/Engine/Binaries/Win64/../../../Engine/Shaders/DepthOfFieldCommon.usf" 200
"C:/Program Files/Epic Games/4.12/Engine/Binaries/Win64/../../../Engine/Shaders/CircleDOFCommon.usf" 201
"C:/Program Files/Epic Games/4.12/Engine/Binaries/Win64/../../../Engine/Shaders/GlobalDistanceFieldShared.usf" 202
"C:/Program Files/Epic Games/4.12/Engine/Binaries/Win64/../../../Engine/Shaders/SpeedTreeCommon.usf" 203
"C:/Program Files/Epic Games/4.12/Engine/Binaries/Win64/../../../Engine/Shaders/MinMaterialTexCoords.usf" 204
"C:/Program Files/Epic Games/4.12/Engine/Binaries/Win64/../../../Engine/Shaders/AtmosphereCommon.usf" 205
"C:/Program Files/Epic Games/4.12/Engine/Binaries/Win64/../../../Engine/Shaders/PaniniProjection.usf" 206
"C:/Program Files/Epic Games/4.12/Engine/Binaries/Win64/../../../Engine/Shaders/EyeAdaptationCommon.usf" 207
"C:/Program Files/Epic Games/4.12/Engine/Binaries/Win64/../../../Engine/Shaders/PostProcessCommon.usf" 208
"C:/Program Files/Epic Games/4.12/Engine/Binaries/Win64/../../../Engine/Shaders/DeferredShadingCommon.usf" 209
"C:/Program Files/Epic Games/4.12/Engine/Binaries/Win64/../../../Engine/Shaders/LightAccumulator.usf" 210
"C:/Program Files/Epic Games/4.12/Engine/Binaries/Win64/../../../Engine/Shaders/SlateVertexShader.usf" 211
"C:/Program Files/Epic Games/4.12/Engine/Binaries/Win64/../../../Engine/Shaders/VectorFieldCompositeShaders.usf" 212
"C:/Program Files/Epic Games/4.12/Engine/Binaries/Win64/../../../Engine/Shaders/UpdateTextureShaders.usf" 213
"C:/Program Files/Epic Games/4.12/Engine/Binaries/Win64/../../../Engine/Shaders/SimpleElementColorChannelMaskPixelShader.usf" 214
"C:/Program Files/Epic Games/4.12/Engine/Binaries/Win64/../../../Engine/Shaders/SimpleElementPixelShader.usf" 215
"C:/Program Files/Epic Games/4.12/Engine/Binaries/Win64/../../../Engine/Shaders/ColorUtils.usf" 216
"C:/Program Files/Epic Games/4.12/Engine/Binaries/Win64/../../../Engine/Shaders/IESLightProfilesCommon.usf" 217
"C:/Program Files/Epic Games/4.12/Engine/Binaries/Win64/../../../Engine/Shaders/SimpleElementHitProxyPixelShader.usf" 218
"C:/Program Files/Epic Games/4.12/Engine/Binaries/Win64/../../../Engine/Shaders/SimpleElementVertexShader.usf" 219
"C:/Program Files/Epic Games/4.12/Engine/Binaries/Win64/../../../Engine/Shaders/ScreenVertexShader.usf" 220
"C:/Program Files/Epic Games/4.12/Engine/Binaries/Win64/../../../Engine/Shaders/ScreenPixelShader.usf" 221
"C:/Program Files/Epic Games/4.12/Engine/Binaries/Win64/../../../Engine/Shaders/ParticleSortKeyGen.usf" 222
"C:/Program Files/Epic Games/4.12/Engine/Binaries/Win64/../../../Engine/Shaders/ParticleBoundsShader.usf" 223
"C:/Program Files/Epic Games/4.12/Engine/Binaries/Win64/../../../Engine/Shaders/ParticleSimVisualizeShader.usf" 224
"C:/Program Files/Epic Games/4.12/Engine/Binaries/Win64/../../../Engine/Shaders/ParticleInjectionShader.usf" 225
"C:/Program Files/Epic Games/4.12/Engine/Binaries/Win64/../../../Engine/Shaders/ParticleSimulationShader.usf" 226
"C:/Program Files/Epic Games/4.12/Engine/Binaries/Win64/../../../Engine/Shaders/ParticleCurveInjectionShader.usf" 227
"C:/Program Files/Epic Games/4.12/Engine/Binaries/Win64/../../../Engine/Shaders/RadixSortShaders.usf" 228
"C:/Program Files/Epic Games/4.12/Engine/Binaries/Win64/../../../Engine/Shaders/RecomputeTangentsPerVertexPass.usf" 229
"C:/Program Files/Epic Games/4.12/Engine/Binaries/Win64/../../../Engine/Shaders/RecomputeTangentsCommon.usf" 230
"C:/Program Files/Epic Games/4.12/Engine/Binaries/Win64/../../../Engine/Shaders/RecomputeTangentsPerTrianglePass.usf" 231
"C:/Program Files/Epic Games/4.12/Engine/Binaries/Win64/../../../Engine/Shaders/FastMath.usf" 232
"C:/Program Files/Epic Games/4.12/Engine/Binaries/Win64/../../../Engine/Shaders/GpuSkinCacheComputeShader.usf" 233
"C:/Program Files/Epic Games/4.12/Engine/Binaries/Win64/../../../Engine/Shaders/NullPixelShader.usf" 234
"C:/Program Files/Epic Games/4.12/Engine/Binaries/Win64/../../../Engine/Shaders/LandscapeGrassWeight.usf" 235
"C:/Program Files/Epic Games/4.12/Engine/Binaries/Win64/../../../Engine/Shaders/VertexDensityShader.usf" 236
"C:/Program Files/Epic Games/4.12/Engine/Binaries/Win64/../../../Engine/Shaders/VelocityShader.usf" 237
"C:/Program Files/Epic Games/4.12/Engine/Binaries/Win64/../../../Engine/Shaders/VelocityCommon.usf" 238
"C:/Program Files/Epic Games/4.12/Engine/Binaries/Win64/../../../Engine/Shaders/Tessellation.usf" 239
"C:/Program Files/Epic Games/4.12/Engine/Binaries/Win64/../../../Engine/Shaders/FlatTessellation.usf" 240
"C:/Program Files/Epic Games/4.12/Engine/Binaries/Win64/../../../Engine/Shaders/PNTriangles.usf" 241
"C:/Program Files/Epic Games/4.12/Engine/Binaries/Win64/../../../Engine/Shaders/TranslucentLightingShaders.usf" 242
"C:/Program Files/Epic Games/4.12/Engine/Binaries/Win64/../../../Engine/Shaders/SHCommon.usf" 243
"C:/Program Files/Epic Games/4.12/Engine/Binaries/Win64/../../../Engine/Shaders/ShadowProjectionCommon.usf" 244
"C:/Program Files/Epic Games/4.12/Engine/Binaries/Win64/../../../Engine/Shaders/CubemapCommon.usf" 245
"C:/Program Files/Epic Games/4.12/Engine/Binaries/Win64/../../../Engine/Shaders/TranslucentLightInjectionShaders.usf" 246
"C:/Program Files/Epic Games/4.12/Engine/Binaries/Win64/../../../Engine/Shaders/DynamicLightingCommon.usf" 247
"C:/Program Files/Epic Games/4.12/Engine/Binaries/Win64/../../../Engine/Shaders/LightFunctionCommon.usf" 248
"C:/Program Files/Epic Games/4.12/Engine/Binaries/Win64/../../../Engine/Shaders/TranslucentShadowDepthShaders.usf" 249
"C:/Program Files/Epic Games/4.12/Engine/Binaries/Win64/../../../Engine/Shaders/ShadowDepthCommon.usf" 250
"C:/Program Files/Epic Games/4.12/Engine/Binaries/Win64/../../../Engine/Shaders/TiledDeferredLightShaders.usf" 251
"C:/Program Files/Epic Games/4.12/Engine/Binaries/Win64/../../../Engine/Shaders/DeferredLightingCommon.usf" 252
"C:/Program Files/Epic Games/4.12/Engine/Binaries/Win64/../../../Engine/Shaders/BRDF.usf" 253
"C:/Program Files/Epic Games/4.12/Engine/Binaries/Win64/../../../Engine/Shaders/MonteCarlo.usf" 254
"C:/Program Files/Epic Games/4.12/Engine/Binaries/Win64/../../../Engine/Shaders/ShadingModels.usf" 255
"C:/Program Files/Epic Games/4.12/Engine/Binaries/Win64/../../../Engine/Shaders/SurfelTree.usf" 256
"C:/Program Files/Epic Games/4.12/Engine/Binaries/Win64/../../../Engine/Shaders/DistanceFieldLightingShared.usf" 257
"C:/Program Files/Epic Games/4.12/Engine/Binaries/Win64/../../../Engine/Shaders/SurfelMaterialShared.usf" 258
"C:/Program Files/Epic Games/4.12/Engine/Binaries/Win64/../../../Engine/Shaders/DistanceFieldAOShared.usf" 259
"C:/Program Files/Epic Games/4.12/Engine/Binaries/Win64/../../../Engine/Shaders/ShadowProjectionPixelShader.usf" 260
"C:/Program Files/Epic Games/4.12/Engine/Binaries/Win64/../../../Engine/Shaders/ShadowFilteringCommon.usf" 261
"C:/Program Files/Epic Games/4.12/Engine/Binaries/Win64/../../../Engine/Shaders/ShadowProjectionVertexShader.usf" 262
"C:/Program Files/Epic Games/4.12/Engine/Binaries/Win64/../../../Engine/Shaders/ShadowDepthPixelShader.usf" 263
"C:/Program Files/Epic Games/4.12/Engine/Binaries/Win64/../../../Engine/Shaders/LPVWriteVplCommon.usf" 264
"C:/Program Files/Epic Games/4.12/Engine/Binaries/Win64/../../../Engine/Shaders/LPVWriteCommon.usf" 265
"C:/Program Files/Epic Games/4.12/Engine/Binaries/Win64/../../../Engine/Shaders/LPVCommon.usf" 266
"C:/Program Files/Epic Games/4.12/Engine/Binaries/Win64/../../../Engine/Shaders/ShadowDepthVertexShader.usf" 267
"C:/Program Files/Epic Games/4.12/Engine/Binaries/Win64/../../../Engine/Shaders/QuadComplexityAccumulatePixelShader.usf" 268
"C:/Program Files/Epic Games/4.12/Engine/Binaries/Win64/../../../Engine/Shaders/QuadOverdraw.usf" 269
"C:/Program Files/Epic Games/4.12/Engine/Binaries/Win64/../../../Engine/Shaders/DebugViewModeCommon.usf" 270
"C:/Program Files/Epic Games/4.12/Engine/Binaries/Win64/../../../Engine/Shaders/ShaderComplexityAccumulatePixelShader.usf" 271
"C:/Program Files/Epic Games/4.12/Engine/Binaries/Win64/../../../Engine/Shaders/HZBOcclusion.usf" 272
"C:/Program Files/Epic Games/4.12/Engine/Binaries/Win64/../../../Engine/Shaders/OcclusionQueryVertexShader.usf" 273
"C:/Program Files/Epic Games/4.12/Engine/Binaries/Win64/../../../Engine/Shaders/HitProxyPixelShader.usf" 274
"C:/Program Files/Epic Games/4.12/Engine/Binaries/Win64/../../../Engine/Shaders/HitProxyVertexShader.usf" 275
"C:/Program Files/Epic Games/4.12/Engine/Binaries/Win64/../../../Engine/Shaders/ReflectionEnvironmentShaders.usf" 276
"C:/Program Files/Epic Games/4.12/Engine/Binaries/Win64/../../../Engine/Shaders/ReflectionEnvironmentShared.usf" 277
"C:/Program Files/Epic Games/4.12/Engine/Binaries/Win64/../../../Engine/Shaders/SkyLightingShared.usf" 278
"C:/Program Files/Epic Games/4.12/Engine/Binaries/Win64/../../../Engine/Shaders/ReflectionEnvironmentComputeShaders.usf" 279
"C:/Program Files/Epic Games/4.12/Engine/Binaries/Win64/../../../Engine/Shaders/PrimitiveDistanceAccuracyPixelShader.usf" 280
"C:/Program Files/Epic Games/4.12/Engine/Binaries/Win64/../../../Engine/Shaders/PreCullTriangles.usf" 281
"C:/Program Files/Epic Games/4.12/Engine/Binaries/Win64/../../../Engine/Shaders/VisualizeTexture.usf" 282
"C:/Program Files/Epic Games/4.12/Engine/Binaries/Win64/../../../Engine/Shaders/VisualizeShadingModels.usf" 283
"C:/Program Files/Epic Games/4.12/Engine/Binaries/Win64/../../../Engine/Shaders/PostProcessHistogramCommon.usf" 284
"C:/Program Files/Epic Games/4.12/Engine/Binaries/Win64/../../../Engine/Shaders/ScreenSpaceReflections.usf" 285
"C:/Program Files/Epic Games/4.12/Engine/Binaries/Win64/../../../Engine/Shaders/ScreenSpaceRayCast.usf" 286
"C:/Program Files/Epic Games/4.12/Engine/Binaries/Win64/../../../Engine/Shaders/FilterVertexShader.usf" 287
"C:/Program Files/Epic Games/4.12/Engine/Binaries/Win64/../../../Engine/Shaders/FilterPixelShader.usf" 288
"C:/Program Files/Epic Games/4.12/Engine/Binaries/Win64/../../../Engine/Shaders/PostProcessVisualizeHDR.usf" 289
"C:/Program Files/Epic Games/4.12/Engine/Binaries/Win64/../../../Engine/Shaders/TonemapCommon.usf" 290
"C:/Program Files/Epic Games/4.12/Engine/Binaries/Win64/../../../Engine/Shaders/ACES.usf" 291
"C:/Program Files/Epic Games/4.12/Engine/Binaries/Win64/../../../Engine/Shaders/MiniFontCommon.usf" 292
"C:/Program Files/Epic Games/4.12/Engine/Binaries/Win64/../../../Engine/Shaders/ShaderComplexityApplyPixelShader.usf" 293
"C:/Program Files/Epic Games/4.12/Engine/Binaries/Win64/../../../Engine/Shaders/PostProcessVisualizeBuffer.usf" 294
"C:/Program Files/Epic Games/4.12/Engine/Binaries/Win64/../../../Engine/Shaders/PostProcessUpscale.usf" 295
"C:/Program Files/Epic Games/4.12/Engine/Binaries/Win64/../../../Engine/Shaders/PostProcessTonemap.usf" 296
"C:/Program Files/Epic Games/4.12/Engine/Binaries/Win64/../../../Engine/Shaders/PostProcessTestImage.usf" 297
"C:/Program Files/Epic Games/4.12/Engine/Binaries/Win64/../../../Engine/Shaders/PostProcessTemporalAA.usf" 298
"C:/Program Files/Epic Games/4.12/Engine/Binaries/Win64/../../../Engine/Shaders/PostProcessTemporalCommon.usf" 299
"C:/Program Files/Epic Games/4.12/Engine/Binaries/Win64/../../../Engine/Shaders/PostProcessSubsurface.usf" 300
"C:/Program Files/Epic Games/4.12/Engine/Binaries/Win64/../../../Engine/Shaders/SeparableSSS.usf" 301
"C:/Program Files/Epic Games/4.12/Engine/Binaries/Win64/../../../Engine/Shaders/PostProcessSelectionOutline.usf" 302
"C:/Program Files/Epic Games/4.12/Engine/Binaries/Win64/../../../Engine/Shaders/PostProcessNoiseBlur.usf" 303
"C:/Program Files/Epic Games/4.12/Engine/Binaries/Win64/../../../Engine/Shaders/PostProcessMotionBlur.usf" 304
"C:/Program Files/Epic Games/4.12/Engine/Binaries/Win64/../../../Engine/Shaders/PostProcessVelocityFlatten.usf" 305
"C:/Program Files/Epic Games/4.12/Engine/Binaries/Win64/../../../Engine/Shaders/PostProcessMobile.usf" 306
"C:/Program Files/Epic Games/4.12/Engine/Binaries/Win64/../../../Engine/Shaders/PostProcessMaterialShaders.usf" 307
"C:/Program Files/Epic Games/4.12/Engine/Binaries/Win64/../../../Engine/Shaders/PostProcessLensFlares.usf" 308
"C:/Program Files/Epic Games/4.12/Engine/Binaries/Win64/../../../Engine/Shaders/PostProcessLensBlur.usf" 309
"C:/Program Files/Epic Games/4.12/Engine/Binaries/Win64/../../../Engine/Shaders/PostProcessBloom.usf" 310
"C:/Program Files/Epic Games/4.12/Engine/Binaries/Win64/../../../Engine/Shaders/PostProcessHMD.usf" 311
"C:/Program Files/Epic Games/4.12/Engine/Binaries/Win64/../../../Engine/Shaders/PostProcessHistogramReduce.usf" 312
"C:/Program Files/Epic Games/4.12/Engine/Binaries/Win64/../../../Engine/Shaders/PostProcessHistogram.usf" 313
"C:/Program Files/Epic Games/4.12/Engine/Binaries/Win64/../../../Engine/Shaders/PostProcessHierarchical.usf" 314
"C:/Program Files/Epic Games/4.12/Engine/Binaries/Win64/../../../Engine/Shaders/PostProcessGBufferHints.usf" 315
"C:/Program Files/Epic Games/4.12/Engine/Binaries/Win64/../../../Engine/Shaders/PostProcessEyeAdaptation.usf" 316
"C:/Program Files/Epic Games/4.12/Engine/Binaries/Win64/../../../Engine/Shaders/PostProcessDownsample.usf" 317
"C:/Program Files/Epic Games/4.12/Engine/Binaries/Win64/../../../Engine/Shaders/PostProcessDOF.usf" 318
"C:/Program Files/Epic Games/4.12/Engine/Binaries/Win64/../../../Engine/Shaders/PostProcessCompositeEditorPrimitives.usf" 319
"C:/Program Files/Epic Games/4.12/Engine/Binaries/Win64/../../../Engine/Shaders/PostProcessCombineLUTs.usf" 320
"C:/Program Files/Epic Games/4.12/Engine/Binaries/Win64/../../../Engine/Shaders/PostProcessCircleDOF.usf" 321
"C:/Program Files/Epic Games/4.12/Engine/Binaries/Win64/../../../Engine/Shaders/PostProcessBusyWait.usf" 322
"C:/Program Files/Epic Games/4.12/Engine/Binaries/Win64/../../../Engine/Shaders/PostProcessPassThrough.usf" 323
"C:/Program Files/Epic Games/4.12/Engine/Binaries/Win64/../../../Engine/Shaders/PostProcessBokehDOF.usf" 324
"C:/Program Files/Epic Games/4.12/Engine/Binaries/Win64/../../../Engine/Shaders/SeparateTranslucency.usf" 325
"C:/Program Files/Epic Games/4.12/Engine/Binaries/Win64/../../../Engine/Shaders/PostProcessVisualizeDOF.usf" 326
"C:/Program Files/Epic Games/4.12/Engine/Binaries/Win64/../../../Engine/Shaders/FXAAShader.usf" 327
"C:/Program Files/Epic Games/4.12/Engine/Binaries/Win64/../../../Engine/Shaders/Fxaa3_11.usf" 328
"C:/Program Files/Epic Games/4.12/Engine/Binaries/Win64/../../../Engine/Shaders/PlanarReflectionShaders.usf" 329
"C:/Program Files/Epic Games/4.12/Engine/Binaries/Win64/../../../Engine/Shaders/PlanarReflectionShared.usf" 330
"C:/Program Files/Epic Games/4.12/Engine/Binaries/Win64/../../../Engine/Shaders/MeshTexCoordSizeAccuracyPixelShader.usf" 331
"C:/Program Files/Epic Games/4.12/Engine/Binaries/Win64/../../../Engine/Shaders/MaterialTexCoordScalesPixelShader.usf" 332
"C:/Program Files/Epic Games/4.12/Engine/Binaries/Win64/../../../Engine/Shaders/LightShaftShader.usf" 333
"C:/Program Files/Epic Games/4.12/Engine/Binaries/Win64/../../../Engine/Shaders/StationaryLightOverlapShaders.usf" 334
"C:/Program Files/Epic Games/4.12/Engine/Binaries/Win64/../../../Engine/Shaders/DeferredLightPixelShaders.usf" 335
"C:/Program Files/Epic Games/4.12/Engine/Binaries/Win64/../../../Engine/Shaders/DeferredLightVertexShaders.usf" 336
"C:/Program Files/Epic Games/4.12/Engine/Binaries/Win64/../../../Engine/Shaders/LPVVisualise.usf" 337
"C:/Program Files/Epic Games/4.12/Engine/Binaries/Win64/../../../Engine/Shaders/LPVGeometryVolumeCommon.usf" 338
"C:/Program Files/Epic Games/4.12/Engine/Binaries/Win64/../../../Engine/Shaders/LPVDirectLightInject.usf" 339
"C:/Program Files/Epic Games/4.12/Engine/Binaries/Win64/../../../Engine/Shaders/LPVPropagate.usf" 340
"C:/Program Files/Epic Games/4.12/Engine/Binaries/Win64/../../../Engine/Shaders/LPVPacking.usf" 341
"C:/Program Files/Epic Games/4.12/Engine/Binaries/Win64/../../../Engine/Shaders/LPVBuildGeometryVolume.usf" 342
"C:/Program Files/Epic Games/4.12/Engine/Binaries/Win64/../../../Engine/Shaders/LpvDirectionalOcclusion.usf" 343
"C:/Program Files/Epic Games/4.12/Engine/Binaries/Win64/../../../Engine/Shaders/LPVInject_AccumulateVplLists.usf" 344
"C:/Program Files/Epic Games/4.12/Engine/Binaries/Win64/../../../Engine/Shaders/LPVInject_GenerateVplLists.usf" 345
"C:/Program Files/Epic Games/4.12/Engine/Binaries/Win64/../../../Engine/Shaders/LPVClearLists.usf" 346
"C:/Program Files/Epic Games/4.12/Engine/Binaries/Win64/../../../Engine/Shaders/LPVClear.usf" 347
"C:/Program Files/Epic Games/4.12/Engine/Binaries/Win64/../../../Engine/Shaders/LightMapDensityShader.usf" 348
"C:/Program Files/Epic Games/4.12/Engine/Binaries/Win64/../../../Engine/Shaders/LightFunctionPixelShader.usf" 349
"C:/Program Files/Epic Games/4.12/Engine/Binaries/Win64/../../../Engine/Shaders/LightFunctionVertexShader.usf" 350
"C:/Program Files/Epic Games/4.12/Engine/Binaries/Win64/../../../Engine/Shaders/HeightfieldLighting.usf" 351
"C:/Program Files/Epic Games/4.12/Engine/Binaries/Win64/../../../Engine/Shaders/DistanceFieldShadowingShared.usf" 352
"C:/Program Files/Epic Games/4.12/Engine/Binaries/Win64/../../../Engine/Shaders/HeightfieldLightingShared.usf" 353
"C:/Program Files/Epic Games/4.12/Engine/Binaries/Win64/../../../Engine/Shaders/HdrCustomResolveShaders.usf" 354
"C:/Program Files/Epic Games/4.12/Engine/Binaries/Win64/../../../Engine/Shaders/GPUBenchmark.usf" 355
"C:/Program Files/Epic Games/4.12/Engine/Binaries/Win64/../../../Engine/Shaders/GlobalDistanceField.usf" 356
"C:/Program Files/Epic Games/4.12/Engine/Binaries/Win64/../../../Engine/Shaders/GammaCorrection.usf" 357
"C:/Program Files/Epic Games/4.12/Engine/Binaries/Win64/../../../Engine/Shaders/BasePassForForwardShadingPixelShader.usf" 358
"C:/Program Files/Epic Games/4.12/Engine/Binaries/Win64/../../../Engine/Shaders/BasePassForForwardShadingCommon.usf" 359
"C:/Program Files/Epic Games/4.12/Engine/Binaries/Win64/../../../Engine/Shaders/LightmapCommon.usf" 360
"C:/Program Files/Epic Games/4.12/Engine/Binaries/Win64/../../../Engine/Shaders/BasePassForForwardShadingVertexShader.usf" 361
"C:/Program Files/Epic Games/4.12/Engine/Binaries/Win64/../../../Engine/Shaders/HeightFogCommon.usf" 362
"C:/Program Files/Epic Games/4.12/Engine/Binaries/Win64/../../../Engine/Shaders/HeightFogPixelShader.usf" 363
"C:/Program Files/Epic Games/4.12/Engine/Binaries/Win64/../../../Engine/Shaders/HeightFogVertexShader.usf" 364
"C:/Program Files/Epic Games/4.12/Engine/Binaries/Win64/../../../Engine/Shaders/DistortAccumulatePS.usf" 365
"C:/Program Files/Epic Games/4.12/Engine/Binaries/Win64/../../../Engine/Shaders/DistortAccumulateVS.usf" 366
"C:/Program Files/Epic Games/4.12/Engine/Binaries/Win64/../../../Engine/Shaders/DistortApplyScreenPS.usf" 367
"C:/Program Files/Epic Games/4.12/Engine/Binaries/Win64/../../../Engine/Shaders/DistanceFieldSurfaceCacheLighting.usf" 368
"C:/Program Files/Epic Games/4.12/Engine/Binaries/Win64/../../../Engine/Shaders/SkyLighting.usf" 369
"C:/Program Files/Epic Games/4.12/Engine/Binaries/Win64/../../../Engine/Shaders/DistanceFieldSurfaceCacheLightingCompute.usf" 370
"C:/Program Files/Epic Games/4.12/Engine/Binaries/Win64/../../../Engine/Shaders/DistanceFieldSpecularOcclusion.usf" 371
"C:/Program Files/Epic Games/4.12/Engine/Binaries/Win64/../../../Engine/Shaders/DistanceFieldShadowing.usf" 372
"C:/Program Files/Epic Games/4.12/Engine/Binaries/Win64/../../../Engine/Shaders/DistanceFieldScreenGridLighting.usf" 373
"C:/Program Files/Epic Games/4.12/Engine/Binaries/Win64/../../../Engine/Shaders/DistanceFieldLightingPost.usf" 374
"C:/Program Files/Epic Games/4.12/Engine/Binaries/Win64/../../../Engine/Shaders/DistanceFieldGlobalIllumination.usf" 375
"C:/Program Files/Epic Games/4.12/Engine/Binaries/Win64/../../../Engine/Shaders/DepthOnlyPixelShader.usf" 376
"C:/Program Files/Epic Games/4.12/Engine/Binaries/Win64/../../../Engine/Shaders/DepthOnlyVertexShader.usf" 377
"C:/Program Files/Epic Games/4.12/Engine/Binaries/Win64/../../../Engine/Shaders/PositionOnlyDepthVertexShader.usf" 378
"C:/Program Files/Epic Games/4.12/Engine/Binaries/Win64/../../../Engine/Shaders/DownsampleDepthPixelShader.usf" 379
"C:/Program Files/Epic Games/4.12/Engine/Binaries/Win64/../../../Engine/Shaders/DitheredTransitionStencil.usf" 380
"C:/Program Files/Epic Games/4.12/Engine/Binaries/Win64/../../../Engine/Shaders/DeferredDecal.usf" 381
"C:/Program Files/Epic Games/4.12/Engine/Binaries/Win64/../../../Engine/Shaders/MissingShaderPixelShader.usf" 382
"C:/Program Files/Epic Games/4.12/Engine/Binaries/Win64/../../../Engine/Shaders/DebugviewModeVertexShader.usf" 383
"C:/Program Files/Epic Games/4.12/Engine/Binaries/Win64/../../../Engine/Shaders/EvaluateSurfelMaterial.usf" 384
"C:/Program Files/Epic Games/4.12/Engine/Binaries/Win64/../../../Engine/Shaders/ConvertToUniformMesh.usf" 385
"C:/Program Files/Epic Games/4.12/Engine/Binaries/Win64/../../../Engine/Shaders/PostProcessLpvIndirect.usf" 386
"C:/Program Files/Epic Games/4.12/Engine/Binaries/Win64/../../../Engine/Shaders/LPVFinalPass.usf" 387
"C:/Program Files/Epic Games/4.12/Engine/Binaries/Win64/../../../Engine/Shaders/PostProcessAmbientOcclusion.usf" 388
"C:/Program Files/Epic Games/4.12/Engine/Binaries/Win64/../../../Engine/Shaders/PostProcessAmbient.usf" 389
"C:/Program Files/Epic Games/4.12/Engine/Binaries/Win64/../../../Engine/Shaders/CapsuleShadowShaders.usf" 390
"C:/Program Files/Epic Games/4.12/Engine/Binaries/Win64/../../../Engine/Shaders/BasePassPixelShader.usf" 391
"C:/Program Files/Epic Games/4.12/Engine/Binaries/Win64/../../../Engine/Shaders/BasePassCommon.usf" 392
"C:/Program Files/Epic Games/4.12/Engine/Binaries/Win64/../../../Engine/Shaders/ForEachLight.usf" 393
"C:/Program Files/Epic Games/4.12/Engine/Binaries/Win64/../../../Engine/Shaders/BasePassVertexShader.usf" 394
"C:/Program Files/Epic Games/4.12/Engine/Binaries/Win64/../../../Engine/Shaders/BasePassVertexCommon.usf" 395
"C:/Program Files/Epic Games/4.12/Engine/Binaries/Win64/../../../Engine/Shaders/BasePassTessellationShaders.usf" 396
"C:/Program Files/Epic Games/4.12/Engine/Binaries/Win64/../../../Engine/Shaders/AtmospherePrecomputeInscatter.usf" 397
"C:/Program Files/Epic Games/4.12/Engine/Binaries/Win64/../../../Engine/Shaders/AtmospherePrecomputeCommon.usf" 398
"C:/Program Files/Epic Games/4.12/Engine/Binaries/Win64/../../../Engine/Shaders/AtmospherePrecompute.usf" 399
"C:/Program Files/Epic Games/4.12/Engine/Binaries/Win64/../../../Engine/Shaders/AtmosphericFogShader.usf" 400
"C:/Program Files/Epic Games/4.12/Engine/Binaries/Win64/../../../Engine/Shaders/ResolveVertexShader.usf" 401
"C:/Program Files/Epic Games/4.12/Engine/Binaries/Win64/../../../Engine/Shaders/ResolvePixelShader.usf" 402
"C:/Program Files/Epic Games/4.12/Engine/Binaries/Win64/../../../Engine/Shaders/OneColorShader.usf" 403
"C:/Program Files/Epic Games/4.12/Engine/Binaries/Win64/../../../Engine/Shaders/MediaShaders.usf" 404
"C:/Program Files/Epic Games/4.12/Engine/Binaries/Win64/../../../Engine/Shaders/ClearReplacementShaders.usf" 405
"C:/Program Files/Epic Games/4.12/Engine/Binaries/Win64/../../../Engine/Shaders/SimpleElementTexture2DPreviewPixelShader.usf" 406
"C:/Program Files/Epic Games/4.12/Engine/Binaries/Win64/../../../Engine/Shaders/SimpleElementNormalMapPixelShader.usf" 407
"C:/Program Files/Epic Games/4.12/Engine/Binaries/Win64/../../../Engine/Shaders/meshpaintdilatepixelshader.usf" 408
"C:/Program Files/Epic Games/4.12/Engine/Binaries/Win64/../../../Engine/Shaders/meshpaintdilatevertexshader.usf" 409
"C:/Program Files/Epic Games/4.12/Engine/Binaries/Win64/../../../Engine/Shaders/MeshPaintPixelShader.usf" 410
"C:/Program Files/Epic Games/4.12/Engine/Binaries/Win64/../../../Engine/Shaders/MeshPaintVertexShader.usf" 411
"C:/Users/colbe/AppData/Local/UnrealEngine/4.12/DerivedDataCache/Boot.ddc" 412
"../../../Engine/DerivedDataCache/Compressed.ddp" 413
"../../../Engine/Content/EditorResources/S_Actor.uasset" 414
"../../../Engine/Config/Android/AndroidEngine.ini" 415
"../../../Engine/Config/IOS/IOSEngine.ini" 416
"../../../Engine/Config/Linux/LinuxEngine.ini" 417
"C:/Enigma/SurvivalGame/Desiccated/Saved/Config/Windows/GameplayTags.ini" 418
"../../../../../../Enigma/SurvivalGame/Desiccated/Intermediate/Config/CoalescedSourceConfigs/GameplayTags.ini" 419
"../../../Engine/Content/EngineResources/AICON-Red.uasset" 420
"../../../Engine/Content/EngineResources/AICON-Green.uasset" 421
"C:/Enigma/SurvivalGame/Desiccated/Saved/Config/Windows/TemplateDefs.ini" 422
"../../../../../../Enigma/SurvivalGame/Desiccated/Intermediate/Config/CoalescedSourceConfigs/TemplateDefs.ini" 423
"../../../Engine/Content/EngineFonts/Roboto.uasset" 424
"../../../Engine/Content/EngineMaterials/Widget3DPassThrough_Translucent.uasset" 425
"../../../Engine/Content/EngineMaterials/Widget3DPassThrough.uasset" 426
"../../../Engine/Content/Functions/Engine_MaterialFunctions01/Texturing/ScaleUVsByCenter.uasset" 427
"../../../Engine/Content/Functions/Engine_MaterialFunctions02/Utility/BreakOutFloat2Components.uasset" 428
"../../../Engine/Content/Functions/Engine_MaterialFunctions02/ScreenResolution.uasset" 429
"../../../Engine/Content/Functions/Engine_MaterialFunctions02/Texturing/ScreenAlignedUVs.uasset" 430
"../../../Engine/Content/EngineResources/WhiteSquareTexture.uasset" 431
"../../../Engine/Content/Functions/Engine_MaterialFunctions01/Shading/PowerToRoughness.uasset" 432
"../../../Engine/Content/Functions/Engine_MaterialFunctions01/Shading/ConvertFromDiffSpec.uasset" 433
"../../../Engine/Content/EngineMaterials/WorldGridMaterial.uasset" 434
"../../../Engine/Content/Functions/Engine_MaterialFunctions01/Opacity/CameraDepthFade.uasset" 435
"../../../Engine/Content/EngineMaterials/T_Default_Material_Grid_M.uasset" 436
"../../../Engine/Content/EngineMaterials/T_Default_Material_Grid_N.uasset" 437
"../../../Engine/Content/EngineMaterials/DefaultDeferredDecalMaterial.uasset" 438
"../../../Engine/Content/EngineMaterials/DefaultDiffuse.uasset" 439
"../../../Engine/Content/EngineMaterials/DefaultLightFunctionMaterial.uasset" 440
"../../../Engine/Content/EngineMaterials/DefaultPostProcessMaterial.uasset" 441
"../../../Engine/Content/EngineResources/DefaultTexture.uasset" 442
"../../../Engine/Content/EngineMaterials/Widget3DPassThrough_Translucent_OneSided.uasset" 443
"../../../Engine/Content/EngineMaterials/Widget3DPassThrough_Opaque.uasset" 444
"../../../Engine/Content/EngineMaterials/Widget3DPassThrough_Opaque_OneSided.uasset" 445
"../../../Engine/Content/EngineMaterials/Widget3DPassThrough_Masked.uasset" 446
"../../../Engine/Content/EngineMaterials/Widget3DPassThrough_Masked_OneSided.uasset" 447
"../../../Engine/Content/Maps/Templates/Thumbnails/Default.uasset" 448
"../../../Engine/Content/Maps/Templates/Thumbnails/VR-Basic.uasset" 449
"../../../Engine/Content/EditorMaterials/ParticleSystems/PSysThumbnail_NoImage.uasset" 450
"../../../Engine/Content/EditorMaterials/ParticleSystems/PSysThumbnail_OOD.uasset" 451
"../../../Engine/Content/EditorLandscapeResources/DataLayer.uasset" 452
"../../../Engine/Content/EngineDamageTypes/DmgTypeBP_Environmental.uasset" 453
"..\..\..\Engine\Content\Internationalization\icudt53l\numberingSystems.res" 454
"..\..\..\Engine\Content\Internationalization\icudt53l\curr\supplementalData.res" 455
"..\..\..\Engine\Content\Internationalization\icudt53l\curr\pool.res" 456
"..\..\..\Engine\Content\Internationalization\icudt53l\curr\en.res" 457
"..\..\..\Engine\Content\Internationalization\icudt53l\curr\root.res" 458
"../../../Engine/Content/EngineMeshes/Sphere.uasset" 459
"../../../Engine/Content/EngineFonts/RobotoDistanceField.uasset" 460
"../../../Engine/Content/EngineMaterials/DefaultTextMaterialOpaque.uasset" 461
"../../../Engine/Content/EditorResources/S_Trigger.uasset" 462
"../../../Engine/Content/EngineResources/GradientTexture0.uasset" 463
"../../../Engine/Content/EngineResources/Black.uasset" 464
"../../../Engine/Content/EditorMaterials/MatineeGroups/MAT_Groups_Float.uasset" 465
"../../../Engine/Content/EditorMaterials/MatineeGroups/MAT_Groups_Director.uasset" 466
"../../../Engine/Content/EditorMaterials/MatineeGroups/MAT_Groups_Event.uasset" 467
"../../../Engine/Content/EditorMaterials/MatineeGroups/MAT_Groups_Anim.uasset" 468
"../../../Engine/Content/EditorMaterials/MatineeGroups/MAT_Groups_Fade.uasset" 469
"../../../Engine/Content/EditorMaterials/MatineeGroups/MAT_Groups_Move.uasset" 470
"../../../Engine/Content/EditorMaterials/MatineeGroups/MAT_Groups_Slomo.uasset" 471
"../../../Engine/Content/EditorMaterials/MatineeGroups/MAT_ColorTrack.uasset" 472
"../../../Engine/Content/EditorMaterials/MAT_Groups_Toggle.uasset" 473
"../../../Engine/Content/EditorMaterials/MatineeGroups/MAT_Groups_AudioMaster.uasset" 474
"../../../Engine/Content/EditorMaterials/MatineeGroups/MAT_Groups_Sound.uasset" 475
"../../../Engine/Content/EditorMaterials/MatineeGroups/MAT_Groups_Vector.uasset" 476
"../../../Engine/Content/EditorMaterials/MAT_Groups_Visibility.uasset" 477
"../../../Engine/Content/EngineResources/DefaultTextureCube.uasset" 478
"../../../Engine/Content/EngineSounds/Master.uasset" 479
"../../../Engine/Content/EngineSounds/Music.uasset" 480
"../../../Engine/Content/EngineSounds/SFX.uasset" 481
"../../../Engine/Content/EngineSounds/Normal_Attack.uasset" 482
"../../../Engine/Content/EngineSounds/Special_Attack_PSM.uasset" 483
"../../../Engine/Content/EngineSounds/Duck_Normal_Attack_MixMod.uasset" 484
"../../../Engine/Content/EngineSounds/Voice.uasset" 485
"../../../Engine/Content/EngineMeshes/Cylinder.uasset" 486
"../../../Engine/Content/EngineMaterials/DefaultMaterial.uasset" 487
"../../../Engine/Content/EngineTireTypes/DefaultTireType.uasset" 488
"../../../../../../Enigma/SurvivalGame/Desiccated/Intermediate/AssetRegistryCache/5a627529.bin" 489
"../../../../../../Enigma/SurvivalGame/Desiccated/Intermediate/AssetRegistryCache/2657c409.bin" 490
"../../../../../../Enigma/SurvivalGame/Desiccated/Intermediate/AssetRegistryCache/1d5167fa.bin" 491
"../../../../../../Enigma/SurvivalGame/Desiccated/Intermediate/AssetRegistryCache/866581fd.bin" 492
"../../../../../../Enigma/SurvivalGame/Desiccated/Intermediate/AssetRegistryCache/94c5d5a7.bin" 493
"../../../../../../Enigma/SurvivalGame/Desiccated/Intermediate/AssetRegistryCache/8c0e1344.bin" 494
"../../../../../../Enigma/SurvivalGame/Desiccated/Intermediate/AssetRegistryCache/923e9220.bin" 495
"../../../../../../Enigma/SurvivalGame/Desiccated/Intermediate/AssetRegistryCache/a912ab53.bin" 496
"../../../Engine/Content/Editor/Slate/Fonts/FontAwesome.ttf" 497
"../../../Engine/Content/Editor/Slate/Fonts/DroidSansMono.ttf" 498
"../../../Engine/Content/Editor/Slate/Fonts/Roboto-BoldCondensed.ttf" 499
"../../../Engine/Content/Editor/Slate/Fonts/Roboto-Black.ttf" 500
"../../../Engine/Content/Editor/Slate/Fonts/Roboto-Italic.ttf" 501
"../../../Engine/Content/Editor/Slate/Fonts/Roboto-BoldCondensedItalic.ttf" 502
"../../../Engine/Content/EditorMeshes/Camera/SM_CraneRig_Base.uasset" 503
"../../../Engine/Content/EditorMaterials/Camera/MI_CineMat_Rig.uasset" 504
"../../../Engine/Content/EditorMaterials/Camera/CineMat.uasset" 505
"../../../Engine/Content/EditorMeshes/Camera/SM_CraneRig_Arm.uasset" 506
"../../../Engine/Content/EditorMeshes/Camera/SM_CraneRig_Mount.uasset" 507
"../../../Engine/Content/EditorMeshes/Camera/SM_CraneRig_Body.uasset" 508
"../../../Engine/Content/EditorMeshes/Camera/SM_RailRig_Track.uasset" 509
"../../../Engine/Content/EditorMeshes/Camera/SM_RailRig_Mount.uasset" 510
"..\..\..\Engine\Content\Internationalization\icudt53l\coll\ucadata.icu" 511
"..\..\..\Engine\Content\Internationalization\icudt53l\nfc.nrm" 512
"..\..\..\Engine\Content\Internationalization\icudt53l\coll\en_US.res" 513
"..\..\..\Engine\Content\Internationalization\icudt53l\coll\en.res" 514
"..\..\..\Engine\Content\Internationalization\icudt53l\coll\root.res" 515
"../../../Engine/Content/VREditor/TransformGizmo/TransformGizmoMaterial.uasset" 516
"../../../Engine/Content/VREditor/LaserPointer/VR_LaserPower_01.uasset" 517
"../../../Engine/Content/VREditor/TransformGizmo/TranslucentTransformGizmoMaterial.uasset" 518
"../../../Engine/Content/VREditor/TransformGizmo/TranslationHandle.uasset" 519
"../../../Engine/Content/VREditor/TransformGizmo/PlaneTranslationHandle.uasset" 520
"../../../Engine/Content/VREditor/TransformGizmo/RotationHandle.uasset" 521
"../../../Engine/Content/VREditor/TransformGizmo/StretchingHandle.uasset" 522
"../../../Engine/Content/VREditor/TransformGizmo/BoundingBoxCorner.uasset" 523
"../../../Engine/Content/VREditor/TransformGizmo/BoundingBoxEdge.uasset" 524
"../../../Engine/Content/VREditor/TransformGizmo/UniformScaleHandle.uasset" 525
"../../../Engine/Content/VREditor/Fonts/VRTextMaterial.uasset" 526
"../../../Engine/Content/VREditor/Fonts/VRText_RobotoLarge.uasset" 527
"../../../Engine/Content/VREditor/FloatingText/LineSegmentCylinder.uasset" 528
"../../../Engine/Content/VREditor/FloatingText/LineMaterial.uasset" 529
"../../../Engine/Content/VREditor/FloatingText/JointSphere.uasset" 530
"../../../Engine/Content/VREditor/Fonts/TranslucentVRTextMaterial.uasset" 531
"../../../Engine/Content/VREditor/UI/SM_ContentWindow_01.uasset" 532
"../../../Engine/Content/VREditor/UI/M_ContentWindow.uasset" 533
"../../../Engine/Content/VREditor/Devices/Vive/UE4_Logo.uasset" 534
"../../../Engine/Content/VREditor/UI/SelectionBarMesh.uasset" 535
"../../../Engine/Content/VREditor/UI/CloseButtonMesh.uasset" 536
"../../../Engine/Content/Tutorial/Basics/LevelEditorAttract.uasset" 537
"../../../Engine/Content/Tutorial/Basics/LevelEditorOverview.uasset" 538
"../../../Engine/Content/Tutorial/Basics/TutorialAssets/icon_tab_Levels_40x.uasset" 539
"../../../Engine/Content/Tutorial/BlueprintTutorials/BlueprintEditorTutorial.uasset" 540
"../../../Engine/Content/Tutorial/BlueprintTutorials/TutorialAssets/Blueprint_64x.uasset" 541
"../../../Engine/Content/Tutorial/ContentIntroCurve.uasset" 542
"../../../Engine/Plugins/2D/Paper2D/Content/MaskedUnlitSpriteMaterial.uasset" 543
"../../../Engine/Plugins/2D/Paper2D/Content/DefaultSpriteMaterial.uasset" 544
"../../../Engine/Plugins/2D/Paper2D/Content/DummySpriteTexture.uasset" 545
"../../../Engine/Plugins/2D/Paper2D/Content/PlaceholderTextures/DummySpriteTexture.uasset" 546
"../../../Engine/Plugins/2D/Paper2D/Content/OpaqueUnlitSpriteMaterial.uasset" 547
"../../../Engine/Plugins/2D/Paper2D/Content/DefaultPaperTerrainMaterial.uasset" 548
"../../../Engine/Plugins/2D/Paper2D/Content/DummySprite.uasset" 549
"C:/Users/colbe/AppData/Local/UnrealEngine/4.12/Saved/Config/Windows/SourceControlSettings.ini" 550
"../../../../../../Enigma/SurvivalGame/Desiccated/Intermediate/Config/CoalescedSourceConfigs/SourceControlSettings.ini" 551
"C:/Enigma/SurvivalGame/Desiccated/Saved/Config/Windows/SourceControlSettings.ini" 552
"../../../Engine/Content/EngineMaterials/RemoveSurfaceMaterial.uasset" 553
"../../../Engine/Content/EngineDebugMaterials/DebugMeshMaterial.uasset" 554
"../../../Engine/Content/EngineMaterials/M_InvalidLightmapSettings.uasset" 555
"../../../Engine/Content/EngineMaterials/InvalidLightmapSettings.uasset" 556
"../../../Engine/Content/EditorMaterials/GizmoMaterial.uasset" 557
"../../../Engine/Content/EngineMaterials/Good64x64TilingNoiseHighFreq.uasset" 558
"../../../Engine/Content/EngineMaterials/DefaultBokeh.uasset" 559
"../../../Engine/Content/EngineMaterials/PreintegratedSkinBRDF.uasset" 560
"../../../Engine/Content/EngineMaterials/MiniFont.uasset" 561
"../../../Engine/Content/EngineMaterials/WeightMapPlaceholderTexture.uasset" 562
"../../../Engine/Content/EngineMaterials/DefaultWhiteGrid.uasset" 563
"../../../Engine/Content/EngineMaterials/DefaultPhysicalMaterial.uasset" 564
"../../../Engine/Content/EngineFonts/RobotoTiny.uasset" 565
"C:/Users/colbe/AppData/Local/UnrealEngine/4.12/Saved/AutoLoadProject.txt" 566
"C:/Enigma/SurvivalGame/Desiccated/Saved/Config/Windows/InternationalizationExport.ini" 567
"../../../../../../Enigma/SurvivalGame/Desiccated/Intermediate/Config/CoalescedSourceConfigs/InternationalizationExport.ini" 568
"C:/Enigma/SurvivalGame/Desiccated/Saved/Config/Windows/TranslationPickerSettings.ini" 569
"../../../../../../Enigma/SurvivalGame/Desiccated/Intermediate/Config/CoalescedSourceConfigs/TranslationPickerSettings.ini" 570
"../../../Engine/Content/EditorSounds/Notifications/CompileStart_Cue.uasset" 571
"../../../Engine/Content/EditorSounds/Notifications/CompileSuccess.uasset" 572
"../../../Engine/Content/EditorSounds/Notifications/CompileSuccess_Cue.uasset" 573
"../../../Engine/Content/EditorSounds/Notifications/CompileFailed_Cue.uasset" 574
"../../../Engine/Content/EditorSounds/Notifications/CompileFailed.uasset" 575
"../../../Engine/Content/BasicShapes/Cube.uasset" 576
"../../../Engine/Content/BasicShapes/Sphere.uasset" 577
"../../../Engine/Content/BasicShapes/Cylinder.uasset" 578
"../../../Engine/Content/BasicShapes/Cone.uasset" 579
"../../../../../../Enigma/SurvivalGame/Desiccated/Intermediate/CachedAssetRegistry.bin" 580
"../../../../../../Enigma/SurvivalGame/Desiccated/Content/Character/BP_Human.uasset" 581
"../../../../../../Enigma/SurvivalGame/Desiccated/Content/Gamemodes/MainMenu.uasset" 582
"../../../../../../Enigma/SurvivalGame/Desiccated/Content/Maps/mainMenu.umap" 583
"../../../../../../Enigma/SurvivalGame/Desiccated/Content/Networking/BP_MainMenu.uasset" 584
"../../../../../../Enigma/SurvivalGame/Desiccated/Content/Networking/Blueprints/GI_Desiccated.uasset" 585
"../../../../../../Enigma/SurvivalGame/Desiccated/Saved/Autosaves/Game/Character/BP_Human_Auto1.uasset" 586
"../../../../../../Enigma/SurvivalGame/Desiccated/Saved/Autosaves/Game/Maps/Colby_Debug_Auto1.umap" 587
"../../../../../../Enigma/SurvivalGame/Desiccated/Saved/Autosaves/Game/Maps/UEDPCColby_Debug.umap" 588
"../../../../../../Enigma/SurvivalGame/Desiccated/Saved/Autosaves/Game/Maps/UEDPCmainMenu.umap" 589
"../../../../../../Enigma/SurvivalGame/Desiccated/Saved/Autosaves/Game/StarterContent/Maps/UEDPCMinimal_Default.umap" 590
"../../../../../../Enigma/SurvivalGame/Desiccated/Saved/Autosaves/Game/Widgets/Debug/W_Debug_Menu_Auto1.uasset" 591
"../../../Engine/Config/HTML5/HTML5Engine.ini" 592
"../../../Engine/Content/MobileResources/HUD/VirtualJoystick_Thumb.uasset" 593
"../../../../../../Enigma/SurvivalGame/Desiccated/Content/StarterContent/Maps/Minimal_Default.umap" 594
"../../../Engine/Content/EngineSky/BP_Sky_Sphere.uasset" 595
"../../../Engine/Content/EditorBlueprintResources/StandardMacros.uasset" 596
"../../../Engine/Content/EngineSky/C_Sky_Cloud_Color.uasset" 597
"../../../Engine/Content/EngineSky/C_Sky_Horizon_Color.uasset" 598
"../../../Engine/Content/EngineSky/C_Sky_Zenith_Color.uasset" 599
"../../../Engine/Content/EngineSky/M_Sky_Panning_Clouds2.uasset" 600
"../../../Engine/Content/EngineSky/T_Sky_Blue.uasset" 601
"../../../Engine/Content/EngineSky/T_Sky_Clouds_M.uasset" 602
"../../../Engine/Content/EngineSky/T_Sky_Stars.uasset" 603
"../../../Engine/Content/EngineSky/SM_SkySphere.uasset" 604
"../../../../../../Enigma/SurvivalGame/Desiccated/Content/StarterContent/Materials/M_Metal_Brushed_Nickel.uasset" 605
"../../../../../../Enigma/SurvivalGame/Desiccated/Content/StarterContent/Textures/T_MacroVariation.uasset" 606
"../../../../../../Enigma/SurvivalGame/Desiccated/Content/StarterContent/Materials/M_Metal_Burnished_Steel.uasset" 607
"../../../../../../Enigma/SurvivalGame/Desiccated/Content/StarterContent/Textures/T_Metal_Aluminum_D.uasset" 608
"../../../../../../Enigma/SurvivalGame/Desiccated/Content/StarterContent/Textures/T_Metal_Gold_N.uasset" 609
"../../../../../../Enigma/SurvivalGame/Desiccated/Content/StarterContent/Materials/M_Metal_Copper.uasset" 610
"../../../../../../Enigma/SurvivalGame/Desiccated/Content/StarterContent/Textures/T_Metal_Copper_D.uasset" 611
"../../../../../../Enigma/SurvivalGame/Desiccated/Content/StarterContent/Props/Materials/M_Chair.uasset" 612
"../../../../../../Enigma/SurvivalGame/Desiccated/Content/StarterContent/Textures/T_Chair_M.uasset" 613
"../../../../../../Enigma/SurvivalGame/Desiccated/Content/StarterContent/Textures/T_Chair_N.uasset" 614
"../../../../../../Enigma/SurvivalGame/Desiccated/Content/StarterContent/Props/Materials/M_StatueGlass.uasset" 615
"../../../../../../Enigma/SurvivalGame/Desiccated/Content/StarterContent/Textures/T_Statue_M.uasset" 616
"../../../../../../Enigma/SurvivalGame/Desiccated/Content/StarterContent/Textures/T_Statue_N.uasset" 617
"../../../../../../Enigma/SurvivalGame/Desiccated/Content/StarterContent/Architecture/Floor_400x400.uasset" 618
"../../../../../../Enigma/SurvivalGame/Desiccated/Content/StarterContent/Materials/M_Basic_Floor.uasset" 619
"../../../../../../Enigma/SurvivalGame/Desiccated/Content/StarterContent/Audio/Starter_Background_Cue.uasset" 620
"../../../../../../Enigma/SurvivalGame/Desiccated/Content/StarterContent/Props/SM_Chair.uasset" 621
"../../../../../../Enigma/SurvivalGame/Desiccated/Content/StarterContent/Props/SM_Statue.uasset" 622
"../../../../../../Enigma/SurvivalGame/Desiccated/Content/StarterContent/Props/Materials/M_Statue.uasset" 623
"../../../../../../Enigma/SurvivalGame/Desiccated/Content/StarterContent/Props/SM_TableRound.uasset" 624
"../../../../../../Enigma/SurvivalGame/Desiccated/Content/StarterContent/Props/Materials/M_TableRound.uasset" 625
"../../../../../../Enigma/SurvivalGame/Desiccated/Content/StarterContent/Textures/T_TableRound_M.uasset" 626
"../../../../../../Enigma/SurvivalGame/Desiccated/Content/StarterContent/Textures/T_TableRound_N.uasset" 627
"../../../../../../Enigma/SurvivalGame/Desiccated/Content/StarterContent/Audio/Starter_Wind05.uasset" 628
"../../../../../../Enigma/SurvivalGame/Desiccated/Content/StarterContent/Audio/Starter_Birds01.uasset" 629
"../../../../../../Enigma/SurvivalGame/Desiccated/Content/StarterContent/Audio/Starter_Wind06.uasset" 630
"C:/Users/colbe/AppData/Local/UnrealEngine/Common/DerivedDataCache/3/6/1/PHYSX_F4A1A1C74D09407EB40C82094A33556D_PHYSXPC_AAC2065544CB8B9C3B20DE9F6395D0D__4A91379B7D5EC722583936CF26DD699C1E66C74A.udd" 631
"C:/Users/colbe/AppData/Local/UnrealEngine/Common/DerivedDataCache/7/9/2/NAVCOLLISION_B89838347A4348138EE337A847529C5C_NAVCOLLISION_X_AAC2065544CB8B9C3__3D65C499EAFD823A14A500D365BECAE7B2AD4641.udd" 632
"../../../../../../Enigma/SurvivalGame/Desiccated/Content/Networking/Blueprints/GameState.uasset" 633
"../../../../../../Enigma/SurvivalGame/Desiccated/Content/Networking/Widgets/errorDia.uasset" 634
"../../../../../../Enigma/SurvivalGame/Desiccated/Content/Networking/Widgets/W_Loading.uasset" 635
"../../../../../../Enigma/SurvivalGame/Desiccated/Content/Networking/Widgets/W_MainMenu.uasset" 636
"../../../../../../Enigma/SurvivalGame/Desiccated/Content/Networking/Widgets/W_ServerList.uasset" 637
"../../../../../../Enigma/SurvivalGame/Desiccated/Content/Networking/Widgets/W_serverRow.uasset" 638
"C:/Users/colbe/AppData/Local/UnrealEngine/Common/DerivedDataCache/5/3/2/PHYSX_F4A1A1C74D09407EB40C82094A33556D_PHYSXPC_E6710455494023103C7D1CA1BFAF3C53__1_0_0_13123_0.udd" 639
"C:/Users/colbe/AppData/Local/UnrealEngine/Common/DerivedDataCache/3/3/1/PHYSX_F4A1A1C74D09407EB40C82094A33556D_PHYSXPC_7E1BB0D24FF632AAE8580D9E77EC7357__1_0_0_13123_0.udd" 640
"C:/Users/colbe/AppData/Local/UnrealEngine/Common/DerivedDataCache/8/5/0/PHYSX_F4A1A1C74D09407EB40C82094A33556D_PHYSXPC_223EBFF748964EF15D820FB423245895__1_0_0_13123_0.udd" 641
"../../../Engine/Content/Maps/Entry.umap" 642
"../../../Engine/Content/EngineMaterials/DefaultNormal.uasset" 643
"../../../Engine/Content/EditorResources/BSPVertex.uasset" 644
"../../../Engine/Content/EngineDebugMaterials/GeomMaterial.uasset" 645
"../../../Engine/Content/EngineDebugMaterials/BoneWeightMaterial.uasset" 646
"../../../Engine/Content/EngineDebugMaterials/HeatmapGradient.uasset" 647
"../../../Engine/Content/EditorMaterials/PhAT_JointLimitMaterial.uasset" 648
"../../../Engine/Content/EditorMaterials/PreviewShadowIndicatorMaterial.uasset" 649
"../../../Engine/Content/EditorMaterials/PreviewShadowIndicator.uasset" 650
"../../../Engine/Content/EngineMaterials/EditorBrushMaterial.uasset" 651
"../../../Engine/Content/EditorMeshes/ColorCalibrator/SM_ColorCalibrator.uasset" 652
"../../../Engine/Content/EditorMeshes/ColorCalibrator/M_ChromeBall.uasset" 653
"../../../Engine/Content/EditorMeshes/ColorCalibrator/M_ClearCoat.uasset" 654
"../../../Engine/Content/EditorMeshes/ColorCalibrator/M_ClearCoatBlack.uasset" 655
"../../../Engine/Content/EditorMeshes/ColorCalibrator/M_ColorGrid.uasset" 656
"../../../Engine/Content/EditorMeshes/ColorCalibrator/T_ColorGrid.uasset" 657
"../../../Engine/Content/EditorMeshes/ColorCalibrator/M_GreyBall.uasset" 658
"../../../Engine/Content/MobileResources/HUD/DefaultVirtualJoysticks.uasset" 659
"../../../Engine/Content/MobileResources/HUD/VirtualJoystick_Background.uasset" 660
"../../../Engine/Content/Tutorial/SubEditors/TutorialAssets/icon_Editor_Preferences_General_40x.uasset" 661
"../../../Engine/Content/Tutorial/Paper2D/TutorialAssets/Paper2DSprite_TutorialIcon.uasset" 662
"../../../Engine/Content/Tutorial/SubEditors/TutorialAssets/icon_ShowSkeletalMeshes_40x.uasset" 663
"../../../Engine/Content/Tutorial/Landscape/TutorialAssets/Landscape.uasset" 664
"../../../Engine/Content/Tutorial/Foliage/TutorialAssets/Foliage.uasset" 665
"../../../Engine/Content/Tutorial/SubEditors/StaticMeshEditorTutorial.uasset" 666
"../../../Engine/Content/EngineMeshes/Cube.uasset" 667
"../../../Engine/Content/Tutorial/BlueprintTutorials/BlueprintMacroLibrariesEditorOverview.uasset" 668
"../../../Engine/Content/Tutorial/BlueprintTutorials/TutorialAssets/BlueprintMacroLibrary_64x.uasset" 669
"../../../Engine/Content/Tutorial/BlueprintTutorials/TutorialAssets/Tutorial_BP_MacroLib.uasset" 670
"../../../Engine/Content/Tutorial/BlueprintTutorials/BlueprintInterfacesEditorOverview.uasset" 671
"../../../Engine/Content/Tutorial/BlueprintTutorials/TutorialAssets/BlueprintInterface_64x.uasset" 672
"../../../Engine/Content/Tutorial/BlueprintTutorials/TutorialAssets/Tutorial_BP_Interface.uasset" 673
"../../../Engine/Content/Tutorial/BlueprintTutorials/LevelBlueprintEditorOverview.uasset" 674
"../../../Engine/Content/Tutorial/SubEditors/DestructibleMeshEditorTutorial.uasset" 675
"../../../Engine/Content/Tutorial/SubEditors/TutorialAssets/Tutorial_DM.uasset" 676
"../../../Engine/Content/EditorMeshes/EditorCube.uasset" 677
"../../../Engine/Content/Tutorial/SubEditors/MaterialEditorTutorial.uasset" 678
"../../../Engine/Content/Tutorial/SubEditors/TutorialAssets/TutorialMaterial.uasset" 679
"../../../Engine/Content/Tutorial/SubEditors/ParticleSystemEditorTutorial.uasset" 680
"../../../Engine/Content/Tutorial/SubEditors/TutorialAssets/TutorialParticleSystem.uasset" 681
"../../../Engine/Content/Tutorial/SubEditors/TutorialAssets/M_smoke_subUV_blackbody.uasset" 682
"../../../Engine/Content/Tutorial/SubEditors/TutorialAssets/T_SmokeSubUV_8X8.uasset" 683
"../../../Engine/Content/Tutorial/SubEditors/TutorialAssets/T_soft_smoke.uasset" 684
"../../../Engine/Content/Tutorial/SubEditors/PersonaAnimEditorWalkThrough.uasset" 685
"../../../Engine/Content/Tutorial/SubEditors/TutorialAssets/Character/NewBlendSpace1D.uasset" 686
"../../../Engine/Content/Tutorial/SubEditors/TutorialAssets/Character/Tutorial_Idle.uasset" 687
"../../../Engine/Content/Tutorial/SubEditors/TutorialAssets/Character/TutorialTPP_Skeleton.uasset" 688
"../../../Engine/Content/Tutorial/SubEditors/TutorialAssets/Character/Tutorial_Walk_Fwd.uasset" 689
"../../../Engine/Content/Tutorial/SubEditors/TutorialAssets/Character/TutorialTPP.uasset" 690
"../../../Engine/Content/Tutorial/SubEditors/TutorialAssets/Character/TutorialTPP_Mat.uasset" 691
"../../../Engine/Content/Tutorial/SubEditors/TutorialAssets/Character/TutorialTPP_PhysicsAsset.uasset" 692
"../../../Engine/Content/Tutorial/SubEditors/PersonaAnimBlueprintEditorWalkthrough.uasset" 693
"../../../Engine/Content/Tutorial/SubEditors/TutorialAssets/Character/TutorialTPP_AnimBlueprint.uasset" 694
"../../../Engine/Content/Tutorial/SubEditors/TutorialAssets/Character/TutorialCharacter.uasset" 695
"../../../Engine/Content/Tutorial/Paper2D/SpriteEditorTutorial.uasset" 696
"../../../Engine/Content/Tutorial/Paper2D/FlipbookEditorTutorial.uasset" 697
"../../../Engine/Content/Tutorial/Paper2D/TutorialAssets/Paper2DFlipbook_TutorialIcon.uasset" 698
"../../../Engine/Content/Tutorial/Landscape/Landscape_Manage_Mode.uasset" 699
"../../../Engine/Content/Tutorial/Landscape/Landscape_Sculpt_Mode.uasset" 700
"../../../Engine/Content/Tutorial/Landscape/Landscape_Painting_Mode.uasset" 701
"../../../Engine/Content/Tutorial/Landscape/LandscapeWalkThrough.uasset" 702
"../../../Engine/Content/Tutorial/Foliage/Foliage_Intro_Tutorial.uasset" 703
"../../../Engine/Content/Tutorial/Foliage/Foliage_Using_The_Tool_Tutorial.uasset" 704
"../../../Engine/Content/Tutorial/Foliage/Foliage_Settings_Tutorial.uasset" 705
"C:/Users/colbe/AppData/Local/UnrealEngine/Common/DerivedDataCache/5/9/3/TEXTURE_814DCC3DC72143F49509781513CB9855_AUTODXT_09053A42486F57C671A2B9B0F6272__7081BA232D94CF58FB5C793F5EA542CA762D0E8E.udd" 706
"C:/Users/colbe/AppData/Local/UnrealEngine/Common/DerivedDataCache/3/1/8/TEXTURE_814DCC3DC72143F49509781513CB9855_BGRA8_5216118D4EACC7D4064ADCBA89F7720__4776B6E2E6502A15BA73B7522CDBB3F8E50002AD.udd" 707
"C:/Users/colbe/AppData/Local/UnrealEngine/Common/DerivedDataCache/2/3/9/TEXTURE_814DCC3DC72143F49509781513CB9855_AUTODXT_B07BB94C4024838454154883B7876__59CB28ED8FB21C25306FDB3AEC6027252B011A56.udd" 708
"C:/Users/colbe/AppData/Local/UnrealEngine/Common/DerivedDataCache/2/8/1/TEXTURE_814DCC3DC72143F49509781513CB9855_BGRA8_5216118D4EACC7D4064ADCBA89F7720__66F5A912C12ECCBFC7828C141D8C68C1A07C0A15.udd" 709
"C:/Users/colbe/AppData/Local/UnrealEngine/Common/DerivedDataCache/0/8/6/TEXTURE_814DCC3DC72143F49509781513CB9855_AUTODXT_C45F0F7D439FAD52041B1EBC5A8A1__9908241BD20DF14A6AE05F8E6CA9BBBE24B07AB6.udd" 710
"C:/Users/colbe/AppData/Local/UnrealEngine/Common/DerivedDataCache/6/4/4/TEXTURE_814DCC3DC72143F49509781513CB9855_BC5_565E0359430950FA252A118AF8521636___AFD2E7B6C000DBB57C3C2251719C132A8B58702E.udd" 711
"C:/Users/colbe/AppData/Local/UnrealEngine/Common/DerivedDataCache/6/6/2/TEXTURE_814DCC3DC72143F49509781513CB9855_BC5_565E0359430950FA252A118AF8521636___1978717988CE205C32B2214CC1D518693DF7C4D6.udd" 712
"C:/Users/colbe/AppData/Local/UnrealEngine/Common/DerivedDataCache/6/3/0/TEXTURE_814DCC3DC72143F49509781513CB9855_BC5_565E0359430950FA252A118AF8521636___018F4075D3397499A38D84DACDCE819C495D7211.udd" 713
"C:/Users/colbe/AppData/Local/UnrealEngine/Common/DerivedDataCache/6/5/4/TEXTURE_814DCC3DC72143F49509781513CB9855_AUTODXT_FDD461EC4EDF5F99C659709B7A42E__FBBDD204E59CC3E3C9749161169905E65779DA9A.udd" 714
"C:/Users/colbe/AppData/Local/UnrealEngine/Common/DerivedDataCache/0/7/5/TEXTURE_814DCC3DC72143F49509781513CB9855_AUTODXT_FDD461EC4EDF5F99C659709B7A42E__A862D430A5BD3851806098886F46A0DB4C02712D.udd" 715
"C:/Users/colbe/AppData/Local/UnrealEngine/Common/DerivedDataCache/6/6/3/TEXTURE_814DCC3DC72143F49509781513CB9855_AUTODXT_FDD461EC4EDF5F99C659709B7A42E__5D8E67CBA0F04E790BD64833DFE9997DDB1D33F0.udd" 716
"C:/Users/colbe/AppData/Local/UnrealEngine/Common/DerivedDataCache/7/8/4/TEXTURE_814DCC3DC72143F49509781513CB9855_AUTODXT_FDD461EC4EDF5F99C659709B7A42E__D3B9066E064FF8485C582FA787D958A7AE111964.udd" 717
"C:/Users/colbe/AppData/Local/UnrealEngine/Common/DerivedDataCache/4/1/5/TEXTURE_814DCC3DC72143F49509781513CB9855_AUTODXT_B21C1AFF42ACD5ADC8C382B3A090A__DD3D508F2B287118D83B2811676DC879755E7F88.udd" 718
"C:/Users/colbe/AppData/Local/UnrealEngine/Common/DerivedDataCache/8/7/3/TEXTURE_814DCC3DC72143F49509781513CB9855_DXT1_15564967414184874DBCB89C44D5959C__BA34306FE8A99B5C640F036EF7E052585535A66C.udd" 719
"C:/Users/colbe/AppData/Local/UnrealEngine/Common/DerivedDataCache/6/2/3/TEXTURE_814DCC3DC72143F49509781513CB9855_AUTODXT_B21C1AFF42ACD5ADC8C382B3A090A__EC69846C8DD084F28BBD11A348C2B577D88F8262.udd" 720
"C:/Users/colbe/AppData/Local/UnrealEngine/Common/DerivedDataCache/5/7/4/TEXTURE_814DCC3DC72143F49509781513CB9855_AUTODXT_B21C1AFF42ACD5ADC8C382B3A090A__1423AB5FD021F7D2A063652CBFD2D5D24334CF57.udd" 721
"C:/Users/colbe/AppData/Local/UnrealEngine/Common/DerivedDataCache/6/0/3/TEXTURE_814DCC3DC72143F49509781513CB9855_DXT1_15564967414184874DBCB89C44D5959C__02B54665C520D91F5F701748C4780F8A6005FD33.udd" 722
"C:/Users/colbe/AppData/Local/UnrealEngine/Common/DerivedDataCache/3/6/9/TEXTURE_814DCC3DC72143F49509781513CB9855_AUTODXT_B21C1AFF42ACD5ADC8C382B3A090A__1AC1C47CE01BB3791E07B3F37B4DEBBD29C103E3.udd" 723
"C:/Users/colbe/AppData/Local/UnrealEngine/Common/DerivedDataCache/3/3/4/TEXTURE_814DCC3DC72143F49509781513CB9855_AUTODXT_B21C1AFF42ACD5ADC8C382B3A090A__F781C0B0C2693BF17FB27AC24C523D4AD3350E86.udd" 724
"C:/Users/colbe/AppData/Local/UnrealEngine/Common/DerivedDataCache/1/9/6/TEXTURE_814DCC3DC72143F49509781513CB9855_BGRA8_B19E8D43472CA8B277E8CCA8993996A__878CA4B0813C95120A256C74CF1AC98FA54BEF64.udd" 725
"..\..\..\Engine\Content\Internationalization\icudt53l\zoneinfo64.res" 726
"C:/Users/colbe/AppData/Local/UnrealEngine/Common/DerivedDataCache/8/0/9/TEXTURE_814DCC3DC72143F49509781513CB9855_BGRA8_056A03A5436F9F05D7AA329082E3874__52EE13A1FAED255C5BAD5F0F0CD6CB5732F1FD7D.udd" 727
"C:/Users/colbe/AppData/Local/UnrealEngine/Common/DerivedDataCache/4/6/4/TEXTURE_814DCC3DC72143F49509781513CB9855_AUTODXT_55809E694EE7DB292235CC917A5C5__581C558B12F92DA8D70F4F628DF65CDCF5AECBC8.udd" 728
"C:/Users/colbe/AppData/Local/UnrealEngine/Common/DerivedDataCache/2/5/8/TEXTURE_814DCC3DC72143F49509781513CB9855_AUTODXT_7BC0404946D77A8C093A10AE0677E__AFBD176B0024CACEDD89C5FD04DBA1FA2128794D.udd" 729
"C:/Users/colbe/AppData/Local/UnrealEngine/Common/DerivedDataCache/1/8/3/TEXTURE_814DCC3DC72143F49509781513CB9855_AUTODXT_55809E694EE7DB292235CC917A5C5__60C01A3D2DE5A93AFF7EF8C568AEB262FC04DA19.udd" 730
"C:/Users/colbe/AppData/Local/UnrealEngine/Common/DerivedDataCache/7/0/5/TEXTURE_814DCC3DC72143F49509781513CB9855_AUTODXT_55809E694EE7DB292235CC917A5C5__0DEE01AFDCD63EDCE050864E9B2048808D3D7B82.udd" 731
"C:/Users/colbe/AppData/Local/UnrealEngine/Common/DerivedDataCache/0/8/3/TEXTURE_814DCC3DC72143F49509781513CB9855_AUTODXT_7BC0404946D77A8C093A10AE0677E__A1D8A03E2549AA9BBB14D25D58C22DB5DF625B64.udd" 732
"C:/Users/colbe/AppData/Local/UnrealEngine/Common/DerivedDataCache/0/1/3/TEXTURE_814DCC3DC72143F49509781513CB9855_G8_C13BD2BB45C48968C13E6F8322E0CF1A_0__A856BDB1C74F641C3E5A497386077ABA922667E4.udd" 733
"C:/Users/colbe/AppData/Local/UnrealEngine/Common/DerivedDataCache/5/9/6/TEXTURE_814DCC3DC72143F49509781513CB9855_BGRA8_D0FECEC94BB5E3DA0C23C4AB41A933F__8F9DB62806B4C14D8538F690E769D615317FCDE6.udd" 734
"C:/Users/colbe/AppData/Local/UnrealEngine/Common/DerivedDataCache/5/1/3/TEXTURE_814DCC3DC72143F49509781513CB9855_BGRA8_C6F046E346DE53E9987E70930FC6D31__2BC58C7103301983DEFA01C3C389866FD917AABF.udd" 735
"C:/Users/colbe/AppData/Local/UnrealEngine/Common/DerivedDataCache/1/0/7/TEXTURE_814DCC3DC72143F49509781513CB9855_BGRA8_D0FECEC94BB5E3DA0C23C4AB41A933F__0192091683E28B4FA9F5BFB80F26E676346450A0.udd" 736
"C:/Users/colbe/AppData/Local/UnrealEngine/Common/DerivedDataCache/6/1/2/TEXTURE_814DCC3DC72143F49509781513CB9855_AUTODXT_1EC0B18B47E75959952584B5D8D9E__61476F8F01150CA0879C3ACC7FFBE61559C32272.udd" 737
"C:/Users/colbe/AppData/Local/UnrealEngine/Common/DerivedDataCache/3/5/9/TEXTURE_814DCC3DC72143F49509781513CB9855_BGRA8_D0FECEC94BB5E3DA0C23C4AB41A933F__0FAFFDBB32ED72F358A7388C9AB6FE8088A36D2F.udd" 738
"C:/Users/colbe/AppData/Local/UnrealEngine/Common/DerivedDataCache/7/5/8/TEXTURE_814DCC3DC72143F49509781513CB9855_AUTODXT_3D7D3365419CADDBF5E531B12CF16__2D210BC742A9A071850B8696B3B5F3BFB91FB2AC.udd" 739
"C:/Users/colbe/AppData/Local/UnrealEngine/Common/DerivedDataCache/3/9/8/TEXTURE_814DCC3DC72143F49509781513CB9855_AUTODXT_3CAC1F094FB87A98E53D7D8A24643__0ADB52FC1C87E64467B7229C368AA2DCF86DFE5B.udd" 740
"C:/Users/colbe/AppData/Local/UnrealEngine/Common/DerivedDataCache/7/6/3/TEXTURE_814DCC3DC72143F49509781513CB9855_AUTODXT_CBF5B13548AB62E6A9ADA387D1FEB__4A9FB5D124DCA445BD27564DB3B0A06172F0D4A8.udd" 741
"C:/Users/colbe/AppData/Local/UnrealEngine/Common/DerivedDataCache/8/6/4/TEXTURE_814DCC3DC72143F49509781513CB9855_AUTODXT_33CBEF834D7D60ED9D58E5940B7B2__09AEB2AC23FA45423CA92F569A7187888552681E.udd" 742
"C:/Users/colbe/AppData/Local/UnrealEngine/Common/DerivedDataCache/3/8/0/TEXTURE_814DCC3DC72143F49509781513CB9855_AUTODXT_E38B68B34F759D23C6E5CD925E4D1__24693E2BCBEB7164B3FBD7F012A1856992CF6BAC.udd" 743
"C:/Users/colbe/AppData/Local/UnrealEngine/Common/DerivedDataCache/7/4/7/TEXTURE_814DCC3DC72143F49509781513CB9855_AUTODXT_E55F8197440DD2855E7F4D9816C88__4B98C29CAB8DC3858D2FD1924BF032569B0064F4.udd" 744
"C:/Users/colbe/AppData/Local/UnrealEngine/Common/DerivedDataCache/7/3/3/TEXTURE_814DCC3DC72143F49509781513CB9855_AUTODXT_7D98C11E41884B4A67A497A07B028__D056AE9858611F8551086C386BCEE9909E137C18.udd" 745
"C:/Users/colbe/AppData/Local/UnrealEngine/Common/DerivedDataCache/6/1/4/TEXTURE_814DCC3DC72143F49509781513CB9855_AUTODXT_A6C0C4B74D09BE1A7E2C31B7CA775__8240F4F76015DBCE4BBDAE52B1233C28F14FBA6D.udd" 746
"C:/Users/colbe/AppData/Local/UnrealEngine/Common/DerivedDataCache/4/1/1/TEXTURE_814DCC3DC72143F49509781513CB9855_AUTODXT_74A80EB64112E46096AE17A812C2E__E433C23A316779D3C7021F55A16B60C3D3A3BD33.udd" 747
"C:/Users/colbe/AppData/Local/UnrealEngine/Common/DerivedDataCache/5/8/2/TEXTURE_814DCC3DC72143F49509781513CB9855_AUTODXT_264ABDF14257816FFA9477A6F6A19__303B98F4E304FB93C820CBC3D56044C65F0B73B1.udd" 748
"C:/Users/colbe/AppData/Local/UnrealEngine/Common/DerivedDataCache/2/7/5/TEXTURE_814DCC3DC72143F49509781513CB9855_AUTODXT_025102BB43BBEAC3F075788919382__7E08700D2950C4E78762A07B2EC79F112D9FC152.udd" 749
"C:/Users/colbe/AppData/Local/UnrealEngine/Common/DerivedDataCache/2/3/3/TEXTURE_814DCC3DC72143F49509781513CB9855_AUTODXT_C55865344733442FBAD7D29E0B657__FFD7EA1B74583C7B5E036A22683727F92263078B.udd" 750
"C:/Users/colbe/AppData/Local/UnrealEngine/Common/DerivedDataCache/8/5/4/TEXTURE_814DCC3DC72143F49509781513CB9855_DXT1_C349D2FA2A30FC1134357D3272F2DC90__9CAE132C99390C163EA7822A81369E3926FE8834.udd" 751
"C:/Users/colbe/AppData/Local/UnrealEngine/Common/DerivedDataCache/2/8/5/TEXTURE_814DCC3DC72143F49509781513CB9855_AUTODXT_6A6029554EC6CEDCFFC9E0836D465__15055B7217D64E5B0C68FF0F1248D0C8B2998C2C.udd" 752
"C:/Users/colbe/AppData/Local/UnrealEngine/Common/DerivedDataCache/5/9/9/TEXTURE_814DCC3DC72143F49509781513CB9855_AUTODXT_FCC2E3624ECEAC189015CEAD2B2D9__1940100ED7FE7DC3EED6E16F9F134F6E81409306.udd" 753
"C:/Users/colbe/AppData/Local/UnrealEngine/Common/DerivedDataCache/3/2/1/TEXTURE_814DCC3DC72143F49509781513CB9855_G8_001F44A84F16871A324A52A5F4204698_0__65DAE9540D527BA6F6CF3B820941BAF10C7A00D9.udd" 754
"C:/Users/colbe/AppData/Local/UnrealEngine/Common/DerivedDataCache/9/1/2/TEXTURE_814DCC3DC72143F49509781513CB9855_AUTODXT_FCC2E3624ECEAC189015CEAD2B2D9__1A050F21870E8B7FB2544A1F129FE5557DA8D861.udd" 755
"C:/Users/colbe/AppData/Local/UnrealEngine/Common/DerivedDataCache/8/9/7/TEXTURE_814DCC3DC72143F49509781513CB9855_AUTODXT_FCC2E3624ECEAC189015CEAD2B2D9__B9BDCC7378EB45072EBCB55FFFB0C4A48308D7E5.udd" 756
"C:/Users/colbe/AppData/Local/UnrealEngine/Common/DerivedDataCache/8/3/1/TEXTURE_814DCC3DC72143F49509781513CB9855_AUTODXT_C39FA6E1430A3372261C0A90A569A__EFCB5491809581847D2C496FF3482BCB39BA6C7A.udd" 757
"C:/Users/colbe/AppData/Local/UnrealEngine/Common/DerivedDataCache/2/2/2/TEXTURE_814DCC3DC72143F49509781513CB9855_AUTODXT_FCC2E3624ECEAC189015CEAD2B2D9__766BBFDFA27238FECA08A5CC5742B7CF74DCCCC9.udd" 758
"C:/Users/colbe/AppData/Local/UnrealEngine/Common/DerivedDataCache/0/6/0/TEXTURE_814DCC3DC72143F49509781513CB9855_AUTODXT_C39FA6E1430A3372261C0A90A569A__F6BB0973D8DBFFF61AC847513D5420B02DEBFB2C.udd" 759
"C:/Users/colbe/AppData/Local/UnrealEngine/Common/DerivedDataCache/6/2/6/TEXTURE_814DCC3DC72143F49509781513CB9855_BGRA8_2140CA5B4637C285519D6D91BA9973B__42CF69DB21C149F8C8271914F4141A7EA80E9870.udd" 760
"C:/Users/colbe/AppData/Local/UnrealEngine/Common/DerivedDataCache/6/7/6/TEXTURE_814DCC3DC72143F49509781513CB9855_AUTODXT_C39FA6E1430A3372261C0A90A569A__6D715C861504BCA257A408C83FD53A9315032A77.udd" 761
"C:/Users/colbe/AppData/Local/UnrealEngine/Common/DerivedDataCache/0/3/8/TEXTURE_814DCC3DC72143F49509781513CB9855_BGRA8_72107D3F4110EAEF3BE5D5841EFE141__EBFABFC50FA425319A0ADC765708F5FF2CC0430C.udd" 762
"C:/Users/colbe/AppData/Local/UnrealEngine/Common/DerivedDataCache/6/6/1/TEXTURE_814DCC3DC72143F49509781513CB9855_AUTODXT_C39FA6E1430A3372261C0A90A569A__DBBCB0922033BC8A107E20CDFF09806D291708AE.udd" 763
"C:/Users/colbe/AppData/Local/UnrealEngine/Common/DerivedDataCache/0/6/3/TEXTURE_814DCC3DC72143F49509781513CB9855_AUTODXT_584A79B6465982423406428F0D776__7E8A800BE546D16101C11CDEE1840BBEF21B464F.udd" 764
"C:/Users/colbe/AppData/Local/UnrealEngine/Common/DerivedDataCache/1/3/1/TEXTURE_814DCC3DC72143F49509781513CB9855_AUTODXT_C39FA6E1430A3372261C0A90A569A__D0FFE40F336450DC835BD3BEBA2A4599CC6611B8.udd" 765
"C:/Users/colbe/AppData/Local/UnrealEngine/Common/DerivedDataCache/8/6/1/TEXTURE_814DCC3DC72143F49509781513CB9855_AUTODXT_5075C5404C9665C57F66B49F2C5D8__7BA33EC7187D56264DE83DF9D074BF06C46EB7D8.udd" 766
"C:/Users/colbe/AppData/Local/UnrealEngine/Common/DerivedDataCache/7/7/4/TEXTURE_814DCC3DC72143F49509781513CB9855_AUTODXT_584A79B6465982423406428F0D776__61F5CC0CCE5D9CD95B83AA1CB53B0B5FE41AC847.udd" 767
"C:/Users/colbe/AppData/Local/UnrealEngine/Common/DerivedDataCache/6/8/5/TEXTURE_814DCC3DC72143F49509781513CB9855_AUTODXT_5075C5404C9665C57F66B49F2C5D8__8A675B9A7E86ED55344E993623F4FE067048B76B.udd" 768
"C:/Users/colbe/AppData/Local/UnrealEngine/Common/DerivedDataCache/2/2/6/TEXTURE_814DCC3DC72143F49509781513CB9855_G8_1C2B54F74EBDC3C23B1A0B85D55D159C_0__2E2A404ABA0B1D38FA0F8DFA476C0ECE606A40A4.udd" 769
"C:/Users/colbe/AppData/Local/UnrealEngine/Common/DerivedDataCache/9/9/2/TEXTURE_814DCC3DC72143F49509781513CB9855_AUTODXT_5075C5404C9665C57F66B49F2C5D8__87E57DDE6EEE045F0A3F4444DC7E5DDBEB9DA85E.udd" 770
"C:/Users/colbe/AppData/Local/UnrealEngine/Common/DerivedDataCache/3/1/0/TEXTURE_814DCC3DC72143F49509781513CB9855_AUTODXT_5075C5404C9665C57F66B49F2C5D8__23B11D0C14DC5B9C0C0D81B28ED055E07DD24DBD.udd" 771
"C:/Users/colbe/AppData/Local/UnrealEngine/Common/DerivedDataCache/2/9/2/TEXTURE_814DCC3DC72143F49509781513CB9855_BGRA8_A28EC0C4486158C85466808599E49A4__1FF86D5F10DF5DA41E6C385F79D34A8F73D47BF5.udd" 772
"C:/Users/colbe/AppData/Local/UnrealEngine/Common/DerivedDataCache/4/7/9/TEXTURE_814DCC3DC72143F49509781513CB9855_BGRA8_52C2D2044F80407BBABA8CB2BA04F4F__FDB37FDECA0F67A24577A4436B3C2D9D715FD7D7.udd" 773
"C:/Users/colbe/AppData/Local/UnrealEngine/Common/DerivedDataCache/4/2/1/TEXTURE_814DCC3DC72143F49509781513CB9855_AUTODXT_B1F6A23D46761DA1743FBE984F9E8__A7029B9659C79ED952199638E34300F568BEC77C.udd" 774
"C:/Users/colbe/AppData/Local/UnrealEngine/Common/DerivedDataCache/9/6/6/TEXTURE_814DCC3DC72143F49509781513CB9855_BGRA8_9B0249994A9B1B14D96CD7BB7A90FB3__2A18DC3AB953CB11B5A51E842996745AAD44A376.udd" 775
"C:/Users/colbe/AppData/Local/UnrealEngine/Common/DerivedDataCache/3/7/2/TEXTURE_814DCC3DC72143F49509781513CB9855_AUTODXT_95D01D314436990422EF30A4E4FA2__A0EA230C82B6516917DBF6AD6916F36C2FF78A30.udd" 776
"C:/Users/colbe/AppData/Local/UnrealEngine/Common/DerivedDataCache/4/8/1/TEXTURE_814DCC3DC72143F49509781513CB9855_AUTODXT_95D01D314436990422EF30A4E4FA2__E2300CE8A9419ECFFDE837D77935F89934CEF43F.udd" 777
"C:/Users/colbe/AppData/Local/UnrealEngine/Common/DerivedDataCache/3/4/7/TEXTURE_814DCC3DC72143F49509781513CB9855_AUTODXT_448D83D64D92F14E184FE88142360__96C307B0AE07838F12FB69110D8819F1DE4DDA98.udd" 778
"C:/Users/colbe/AppData/Local/UnrealEngine/Common/DerivedDataCache/5/4/7/TEXTURE_814DCC3DC72143F49509781513CB9855_BGRA8_017E72834BC6A481B9D2E7B57B15158__033B40A7CD6EDB2A8C5BEC6C104D9FF39FAE99B1.udd" 779
"C:/Users/colbe/AppData/Local/UnrealEngine/Common/DerivedDataCache/8/9/1/TEXTURE_814DCC3DC72143F49509781513CB9855_AUTODXT_448D83D64D92F14E184FE88142360__8C11E31833198E6582F84D52D5F1ACE70473B75A.udd" 780
"C:/Users/colbe/AppData/Local/UnrealEngine/Common/DerivedDataCache/5/5/4/TEXTURE_814DCC3DC72143F49509781513CB9855_AUTODXT_448D83D64D92F14E184FE88142360__6C42748001665E34E035A67D1A97970665B2A2DF.udd" 781
"C:/Users/colbe/AppData/Local/UnrealEngine/Common/DerivedDataCache/8/8/1/TEXTURE_814DCC3DC72143F49509781513CB9855_AUTODXT_448D83D64D92F14E184FE88142360__77CABBFAE8EC0B2957FAC9B994429DCD32275870.udd" 782
"C:/Users/colbe/AppData/Local/UnrealEngine/Common/DerivedDataCache/8/3/1/TEXTURE_814DCC3DC72143F49509781513CB9855_AUTODXT_448D83D64D92F14E184FE88142360__66D7D14BA454FBF72711D62BA47235B802137FEB.udd" 783
"C:/Users/colbe/AppData/Local/UnrealEngine/Common/DerivedDataCache/2/8/4/TEXTURE_814DCC3DC72143F49509781513CB9855_AUTODXT_448D83D64D92F14E184FE88142360__97F0985DFE2D299F60A1729988F9B14FC86C29DD.udd" 784
"C:/Users/colbe/AppData/Local/UnrealEngine/Common/DerivedDataCache/4/3/9/TEXTURE_814DCC3DC72143F49509781513CB9855_BGRA8_017E72834BC6A481B9D2E7B57B15158__FDD785012476B36FBFB9EFEFD11F39A3CBC35FE3.udd" 785
"C:/Users/colbe/AppData/Local/UnrealEngine/Common/DerivedDataCache/0/0/6/TEXTURE_814DCC3DC72143F49509781513CB9855_BGRA8_017E72834BC6A481B9D2E7B57B15158__9B510A5E2DE9B6D05B20B875A1ABB01D63B60746.udd" 786
"C:/Users/colbe/AppData/Local/UnrealEngine/Common/DerivedDataCache/4/9/5/TEXTURE_814DCC3DC72143F49509781513CB9855_BGRA8_017E72834BC6A481B9D2E7B57B15158__6D829488C3EF91BC7A1CBE9F2A8EEB47433609D9.udd" 787
"C:/Users/colbe/AppData/Local/UnrealEngine/Common/DerivedDataCache/0/8/5/TEXTURE_814DCC3DC72143F49509781513CB9855_AUTODXT_52640BB9425F976C53CF3FA787E7A__A00DDDDDBF6B391C42CE5DF0F1CB9F5FE88EFD80.udd" 788
"C:/Users/colbe/AppData/Local/UnrealEngine/Common/DerivedDataCache/8/7/4/TEXTURE_814DCC3DC72143F49509781513CB9855_AUTODXT_52640BB9425F976C53CF3FA787E7A__FA0745CFAD35B41F70CEACF87C824D99F6653BC8.udd" 789
"C:/Users/colbe/AppData/Local/UnrealEngine/Common/DerivedDataCache/6/4/5/TEXTURE_814DCC3DC72143F49509781513CB9855_AUTODXT_52640BB9425F976C53CF3FA787E7A__8F9207BE8FFC8694E1E8C08320ADF4FD519E5F36.udd" 790
"C:/Users/colbe/AppData/Local/UnrealEngine/Common/DerivedDataCache/6/4/5/TEXTURE_814DCC3DC72143F49509781513CB9855_AUTODXT_52640BB9425F976C53CF3FA787E7A__7051E7E88CD36D27158642FBAF42CDC035D428A7.udd" 791
"C:/Users/colbe/AppData/Local/UnrealEngine/Common/DerivedDataCache/7/1/1/TEXTURE_814DCC3DC72143F49509781513CB9855_BC5_122003924E39A572EF68B5BAC8A94B51___9FBDDF4EB276B8BA831B407333B50058434512F0.udd" 792
"C:/Users/colbe/AppData/Local/UnrealEngine/Common/DerivedDataCache/8/4/0/TEXTURE_814DCC3DC72143F49509781513CB9855_BGRA8_017E72834BC6A481B9D2E7B57B15158__659A98AE69E93C35984CE59DFC41B9ADDA0893E2.udd" 793
"C:/Users/colbe/AppData/Local/UnrealEngine/Common/DerivedDataCache/4/4/8/TEXTURE_814DCC3DC72143F49509781513CB9855_BGRA8_017E72834BC6A481B9D2E7B57B15158__7BCB945C6A82D205AE96C8F204E5B72B3255112D.udd" 794
"C:/Users/colbe/AppData/Local/UnrealEngine/Common/DerivedDataCache/3/7/6/TEXTURE_814DCC3DC72143F49509781513CB9855_AUTODXT_6A00F1654C244F95E8B15E9A15BE5__9F6FE039175A88CA1E577272AF00572DA13D0688.udd" 795
"C:/Users/colbe/AppData/Local/UnrealEngine/Common/DerivedDataCache/0/0/0/TEXTURE_814DCC3DC72143F49509781513CB9855_BC5_122003924E39A572EF68B5BAC8A94B51___38C5FF9F221EECA031284DB671BE97419303D3FF.udd" 796
"C:/Users/colbe/AppData/Local/UnrealEngine/Common/DerivedDataCache/2/6/2/TEXTURE_814DCC3DC72143F49509781513CB9855_BGRA8_300F91D746B84377794E1FA74622CC3__2073FDC26C5DBF30C2FB036D844C862F26A2F643.udd" 797
"C:/Users/colbe/AppData/Local/UnrealEngine/Common/DerivedDataCache/8/3/2/TEXTURE_814DCC3DC72143F49509781513CB9855_BC5_122003924E39A572EF68B5BAC8A94B51___583274C5548641E4D316B5211CA80ED9EBB46352.udd" 798
"C:/Users/colbe/AppData/Local/UnrealEngine/Common/DerivedDataCache/5/9/2/TEXTURE_814DCC3DC72143F49509781513CB9855_BGRA8_300F91D746B84377794E1FA74622CC3__9F605741DC6FBB382FA6D1D4D44DE97500E66E80.udd" 799
"C:/Users/colbe/AppData/Local/UnrealEngine/Common/DerivedDataCache/0/3/8/TEXTURE_814DCC3DC72143F49509781513CB9855_BC5_122003924E39A572EF68B5BAC8A94B51___037856683106E4241EAD8BEE93431A83B08125FA.udd" 800
"C:/Users/colbe/AppData/Local/UnrealEngine/Common/DerivedDataCache/6/6/3/TEXTURE_814DCC3DC72143F49509781513CB9855_BC5_122003924E39A572EF68B5BAC8A94B51___3D141379DF2D9F7B91E53461EF61C5C490A5CA9E.udd" 801
"C:/Users/colbe/AppData/Local/UnrealEngine/Common/DerivedDataCache/1/3/3/TEXTURE_814DCC3DC72143F49509781513CB9855_BGRA8_300F91D746B84377794E1FA74622CC3__215679D37B32B731D166A2C5BC282D079163F18C.udd" 802
"C:/Users/colbe/AppData/Local/UnrealEngine/Common/DerivedDataCache/5/0/2/TEXTURE_814DCC3DC72143F49509781513CB9855_BGRA8_EFCCE016429008D9D6575CB3A2DF598__39BAC2122003850C17C596FDCC86C3D212DE5A4A.udd" 803
"C:/Users/colbe/AppData/Local/UnrealEngine/Common/DerivedDataCache/3/8/9/TEXTURE_814DCC3DC72143F49509781513CB9855_BGRA8_EFCCE016429008D9D6575CB3A2DF598__16171D0A279E1163332B683EBEBC3BC1F3E98016.udd" 804
"C:/Users/colbe/AppData/Local/UnrealEngine/Common/DerivedDataCache/9/7/6/TEXTURE_814DCC3DC72143F49509781513CB9855_BGRA8_EFCCE016429008D9D6575CB3A2DF598__C4821DF4BD82BD0E3E860F170714F74BB99AF852.udd" 805
"C:/Users/colbe/AppData/Local/UnrealEngine/Common/DerivedDataCache/5/9/6/TEXTURE_814DCC3DC72143F49509781513CB9855_BGRA8_EFCCE016429008D9D6575CB3A2DF598__77E8DEFEC5BF83A9B1B48AF3C7ACE93859F616D2.udd" 806
"C:/Users/colbe/AppData/Local/UnrealEngine/Common/DerivedDataCache/2/9/9/TEXTURE_814DCC3DC72143F49509781513CB9855_BGRA8_300F91D746B84377794E1FA74622CC3__D37F66297C91D3F89DE52480ABFD1F6D2C9E8415.udd" 807
"C:/Users/colbe/AppData/Local/UnrealEngine/Common/DerivedDataCache/7/7/0/TEXTURE_814DCC3DC72143F49509781513CB9855_AUTODXT_A5E28525480F8268BF36ABA7EBDFC__BBE6AC1ADE65EE988161E1412C57E3F88174E6E2.udd" 808
"C:/Users/colbe/AppData/Local/UnrealEngine/Common/DerivedDataCache/7/4/9/TEXTURE_814DCC3DC72143F49509781513CB9855_BGRA8_8F68DA7846EE5B1FF2DDDC9433F817A__9FDFF1F38E2A447698C25ADA8828C9B7E78C264B.udd" 809
"C:/Users/colbe/AppData/Local/UnrealEngine/Common/DerivedDataCache/0/9/5/TEXTURE_814DCC3DC72143F49509781513CB9855_AUTODXT_A5E28525480F8268BF36ABA7EBDFC__00BD96E3D4B0209194F30AC4FF54B8401CAFEB15.udd" 810
"C:/Users/colbe/AppData/Local/UnrealEngine/Common/DerivedDataCache/7/6/3/TEXTURE_814DCC3DC72143F49509781513CB9855_BGRA8_D07216FC40952418CFE0E28778D79B2__89B7DC46CA82953BBE8057421208BB96E5C619A9.udd" 811
"C:/Users/colbe/AppData/Local/UnrealEngine/Common/DerivedDataCache/0/5/7/TEXTURE_814DCC3DC72143F49509781513CB9855_BGRA8_0334AFB24D2E5AA9081F9BAFF9F95EE__ED95787AC12E31E95E769FBE5E7BFB4D77C53CB8.udd" 812
"C:/Users/colbe/AppData/Local/UnrealEngine/Common/DerivedDataCache/1/2/8/TEXTURE_814DCC3DC72143F49509781513CB9855_AUTODXT_A5E28525480F8268BF36ABA7EBDFC__D4A89CA09F54473C731C25FAB8E0491229BB809A.udd" 813
"C:/Users/colbe/AppData/Local/UnrealEngine/Common/DerivedDataCache/4/6/9/TEXTURE_814DCC3DC72143F49509781513CB9855_AUTODXT_A5E28525480F8268BF36ABA7EBDFC__D15C98456623C6C3BCC0ECDFC5974B6BDD0D448E.udd" 814
"../../../../../../Enigma/SurvivalGame/Desiccated/Plugins/AutoTerrainTexturer/Content/Materials/QS_BaseFoliage.uasset" 815
"../../../../../../Enigma/SurvivalGame/Desiccated/Plugins/AutoTerrainTexturer/Content/MaterialFucntions/MF_MaterialBaseFoliage.uasset" 816
"../../../../../../Enigma/SurvivalGame/Desiccated/Plugins/AutoTerrainTexturer/Content/12CatBlack/Trees/TreeBBDiffuseMap.uasset" 817
"../../../../../../Enigma/SurvivalGame/Desiccated/Plugins/AutoTerrainTexturer/Content/12CatBlack/Trees/TreeBBNormalsMap.uasset" 818
"C:/Users/colbe/AppData/Local/Temp/UnrealShaderWorkingDir/816C9E574CF2EDFEE7E3B49E55FB216C/0/WorkerOutputOnly.out" 819
"C:/Users/colbe/AppData/Local/Temp/UnrealShaderWorkingDir/816C9E574CF2EDFEE7E3B49E55FB216C/2/WorkerOutputOnly.out" 820
"C:/Users/colbe/AppData/Local/Temp/UnrealShaderWorkingDir/816C9E574CF2EDFEE7E3B49E55FB216C/1/WorkerOutputOnly.out" 821
"../../../../../../Enigma/SurvivalGame/Desiccated/Content/Imports/LowPolyForest/Textures/Moss_01_SPEC.uasset" 822
"C:/Users/colbe/AppData/Local/UnrealEngine/Common/DerivedDataCache/6/0/4/TEXTURE_814DCC3DC72143F49509781513CB9855_AUTODXT_EE73736948D9E588CABC368ABED43__12F5C4E9E4996C1CF95C0B868A4CB1D7B748C136.udd" 823
"C:/Users/colbe/AppData/Local/UnrealEngine/Common/DerivedDataCache/2/6/3/TEXTURE_814DCC3DC72143F49509781513CB9855_AUTODXT_EE73736948D9E588CABC368ABED43__80B78EE7F0E4B28B13802B3AAA9882FD08B57EB8.udd" 824
"C:/Users/colbe/AppData/Local/UnrealEngine/Common/DerivedDataCache/8/8/5/TEXTURE_814DCC3DC72143F49509781513CB9855_AUTODXT_EE73736948D9E588CABC368ABED43__D8A083B81C34AB379E086026BD61866F0B02C118.udd" 825
"C:/Users/colbe/AppData/Local/UnrealEngine/Common/DerivedDataCache/9/7/7/TEXTURE_814DCC3DC72143F49509781513CB9855_AUTODXT_EE73736948D9E588CABC368ABED43__222D7C9064C643DECB94FB353B7E562303684E1E.udd" 826
"C:/Users/colbe/AppData/Local/UnrealEngine/Common/DerivedDataCache/2/9/2/TEXTURE_814DCC3DC72143F49509781513CB9855_AUTODXT_EE73736948D9E588CABC368ABED43__93E2697C70054312E1560D9B6965966489708C56.udd" 827
"C:/Users/colbe/AppData/Local/UnrealEngine/Common/DerivedDataCache/6/6/5/TEXTURE_814DCC3DC72143F49509781513CB9855_AUTODXT_EE73736948D9E588CABC368ABED43__D383E3EC534637EB07CBBD8B9644C43D9BA1B29B.udd" 828
"../../../../../../Enigma/SurvivalGame/Desiccated/Content/Imports/Realistic_Grass_2/Materials/Grass/Beach_Grass/Desktop/Beach_Grass_HQ.uasset" 829
"../../../../../../Enigma/SurvivalGame/Desiccated/Content/Imports/Realistic_Grass_2/Materials/Grass/Master_Materials/Grass_HQ.uasset" 830
"../../../Engine/Content/ArtTools/RenderToTexture/MaterialFunctions/FlipbookWind.uasset" 831
"../../../Engine/Content/Functions/Engine_MaterialFunctions01/SpeedTree/SpeedTreeColorVariation.uasset" 832
"../../../Engine/Content/Functions/Engine_MaterialFunctions02/ObjectLocalToWorldData.uasset" 833
"../../../Engine/Content/Functions/Engine_MaterialFunctions02/PivotPainter/PivotPainter_PerObjectData.uasset" 834
"../../../Engine/Content/Functions/Engine_MaterialFunctions02/WorldPositionOffset/ObjectScale.uasset" 835
"../../../Engine/Content/Functions/Engine_MaterialFunctions02/Utility/VectorLength.uasset" 836
"../../../Engine/Content/Functions/Engine_MaterialFunctions02/PivotPainter/PivotPainter_PerObjectFoliageData.uasset" 837
"../../../Engine/Content/Functions/Engine_MaterialFunctions02/WorldPositionOffset/Wind.uasset" 838
"../../../../../../Enigma/SurvivalGame/Desiccated/Content/Imports/Realistic_Grass_2/Materials/Grass/Master_Materials/Matarial_Parameters/Grass_Movement.uasset" 839
"../../../../../../Enigma/SurvivalGame/Desiccated/Content/Imports/Realistic_Grass_2/Materials/Grass/Master_Materials/Matarial_Parameters/Wind_Source_Controll.uasset" 840
"../../../../../../Enigma/SurvivalGame/Desiccated/Content/Imports/Realistic_Grass_2/Textures/Noise/T_Gray_Scale_Noice.uasset" 841
"../../../../../../Enigma/SurvivalGame/Desiccated/Content/Imports/Realistic_Grass_2/Textures/Noise/T_Normal_Noise.uasset" 842
"../../../../../../Enigma/SurvivalGame/Desiccated/Content/Imports/Realistic_Grass_2/Textures/PlaceHolder/PH_Diffuse.uasset" 843
"../../../../../../Enigma/SurvivalGame/Desiccated/Content/Imports/Realistic_Grass_2/Textures/Grass/Beach_Grass/Beach_Grass.uasset" 844
"../../../../../../Enigma/SurvivalGame/Desiccated/Content/Imports/Realistic_Grass_2/Materials/Grass/Beach_Grass/Desktop/Beach_Grass_CF.uasset" 845
